<?xml version="1.0" encoding="UTF-8"?>
<!-- Generated by org.testng.reporters.JUnitXMLReporter -->
<testsuite ignored="11" hostname="DESKTOP-NVOFS2N" failures="0" tests="1" name="Default test" time="29.104" errors="0" timestamp="2024-03-31T18:45:17 ICT">
  <testcase classname="testsuite.SearchTaskTest" name="hidebyid" time="22.971"/>
  <testcase classname="testsuite.SearchTaskTest" name="searchTaskbyRelatedto" time="0.0">
    <ignored/>
  </testcase> <!-- searchTaskbyRelatedto -->
  <testcase classname="testsuite.SearchTaskTest" name="addmutipletasksuccess" time="0.0">
    <ignored/>
  </testcase> <!-- addmutipletasksuccess -->
  <testcase classname="testsuite.SearchTaskTest" name="hidebytitle" time="0.0">
    <ignored/>
  </testcase> <!-- hidebytitle -->
  <testcase classname="testsuite.SearchTaskTest" name="searchTaskbyMilestone" time="0.0">
    <ignored/>
  </testcase> <!-- searchTaskbyMilestone -->
  <testcase classname="testsuite.SearchTaskTest" name="searchTaskbyID" time="0.0">
    <ignored/>
  </testcase> <!-- searchTaskbyID -->
  <testcase classname="testsuite.SearchTaskTest" name="hidebymilestone" time="0.0">
    <ignored/>
  </testcase> <!-- hidebymilestone -->
  <testcase classname="testsuite.SearchTaskTest" name="addmutipletaskfail1" time="0.0">
    <ignored/>
  </testcase> <!-- addmutipletaskfail1 -->
  <testcase classname="testsuite.SearchTaskTest" name="addmutipletaskfail2" time="0.0">
    <ignored/>
  </testcase> <!-- addmutipletaskfail2 -->
  <testcase classname="testsuite.SearchTaskTest" name="searchTaskbyTitle" time="0.0">
    <ignored/>
  </testcase> <!-- searchTaskbyTitle -->
  <testcase classname="testsuite.SearchTaskTest" name="hidebyrelatedto" time="0.0">
    <ignored/>
  </testcase> <!-- hidebyrelatedto -->
  <testcase classname="testsuite.SearchTaskTest" name="hidebystatus" time="0.0">
    <ignored/>
  </testcase> <!-- hidebystatus -->
</testsuite> <!-- Default test -->
