<?xml version="1.0" encoding="UTF-8"?>
<testng-results skipped="19" failed="0" ignored="0" total="108" passed="89">
  <reporter-output>
  </reporter-output>
  <suite name="TestSuite" duration-ms="1819273" started-at="2024-03-31T09:37:45 ICT" finished-at="2024-03-31T10:08:04 ICT">
    <groups>
    </groups>
    <test name="Run Parallel test Chrome" duration-ms="600481" started-at="2024-03-31T09:37:45 ICT" finished-at="2024-03-31T09:47:45 ICT">
      <class name="testsuite.FilterTaskTest">
        <test-method status="PASS" signature="openDriver(java.lang.String)[pri:0, instance:testsuite.FilterTaskTest@7fac631b]" name="openDriver" is-config="true" duration-ms="12841" started-at="2024-03-31T09:37:45 ICT" finished-at="2024-03-31T09:37:57 ICT">
          <params>
            <param index="0">
              <value>
                <![CDATA[chrome]]>
              </value>
            </param>
          </params>
          <reporter-output>
          </reporter-output>
        </test-method> <!-- openDriver -->
        <test-method status="PASS" signature="filterByRelatedTo_Project()[pri:1, instance:testsuite.FilterTaskTest@7fac631b]" name="filterByRelatedTo_Project" duration-ms="3030" started-at="2024-03-31T09:37:57 ICT" finished-at="2024-03-31T09:38:00 ICT">
          <reporter-output>
          </reporter-output>
        </test-method> <!-- filterByRelatedTo_Project -->
        <test-method status="PASS" signature="closeDriver()[pri:0, instance:testsuite.FilterTaskTest@7fac631b]" name="closeDriver" is-config="true" duration-ms="147" started-at="2024-03-31T09:38:00 ICT" finished-at="2024-03-31T09:38:01 ICT">
          <reporter-output>
          </reporter-output>
        </test-method> <!-- closeDriver -->
        <test-method status="PASS" signature="openDriver(java.lang.String)[pri:0, instance:testsuite.FilterTaskTest@7fac631b]" name="openDriver" is-config="true" duration-ms="11658" started-at="2024-03-31T09:38:01 ICT" finished-at="2024-03-31T09:38:12 ICT">
          <params>
            <param index="0">
              <value>
                <![CDATA[chrome]]>
              </value>
            </param>
          </params>
          <reporter-output>
          </reporter-output>
        </test-method> <!-- openDriver -->
        <test-method status="PASS" signature="filterByRelatedTo_Client()[pri:2, instance:testsuite.FilterTaskTest@7fac631b]" name="filterByRelatedTo_Client" duration-ms="7647" started-at="2024-03-31T09:38:12 ICT" finished-at="2024-03-31T09:38:20 ICT">
          <reporter-output>
          </reporter-output>
        </test-method> <!-- filterByRelatedTo_Client -->
        <test-method status="PASS" signature="closeDriver()[pri:0, instance:testsuite.FilterTaskTest@7fac631b]" name="closeDriver" is-config="true" duration-ms="192" started-at="2024-03-31T09:38:20 ICT" finished-at="2024-03-31T09:38:20 ICT">
          <reporter-output>
          </reporter-output>
        </test-method> <!-- closeDriver -->
        <test-method status="PASS" signature="openDriver(java.lang.String)[pri:0, instance:testsuite.FilterTaskTest@7fac631b]" name="openDriver" is-config="true" duration-ms="11545" started-at="2024-03-31T09:38:20 ICT" finished-at="2024-03-31T09:38:32 ICT">
          <params>
            <param index="0">
              <value>
                <![CDATA[chrome]]>
              </value>
            </param>
          </params>
          <reporter-output>
          </reporter-output>
        </test-method> <!-- openDriver -->
        <test-method status="PASS" signature="filterByRelatedTo_Contract()[pri:3, instance:testsuite.FilterTaskTest@7fac631b]" name="filterByRelatedTo_Contract" duration-ms="7344" started-at="2024-03-31T09:38:32 ICT" finished-at="2024-03-31T09:38:39 ICT">
          <reporter-output>
          </reporter-output>
        </test-method> <!-- filterByRelatedTo_Contract -->
        <test-method status="PASS" signature="closeDriver()[pri:0, instance:testsuite.FilterTaskTest@7fac631b]" name="closeDriver" is-config="true" duration-ms="227" started-at="2024-03-31T09:38:39 ICT" finished-at="2024-03-31T09:38:39 ICT">
          <reporter-output>
          </reporter-output>
        </test-method> <!-- closeDriver -->
        <test-method status="PASS" signature="openDriver(java.lang.String)[pri:0, instance:testsuite.FilterTaskTest@7fac631b]" name="openDriver" is-config="true" duration-ms="12502" started-at="2024-03-31T09:38:39 ICT" finished-at="2024-03-31T09:38:52 ICT">
          <params>
            <param index="0">
              <value>
                <![CDATA[chrome]]>
              </value>
            </param>
          </params>
          <reporter-output>
          </reporter-output>
        </test-method> <!-- openDriver -->
        <test-method status="PASS" signature="filterByRelatedTo_Estimate()[pri:4, instance:testsuite.FilterTaskTest@7fac631b]" name="filterByRelatedTo_Estimate" duration-ms="7650" started-at="2024-03-31T09:38:52 ICT" finished-at="2024-03-31T09:38:59 ICT">
          <reporter-output>
          </reporter-output>
        </test-method> <!-- filterByRelatedTo_Estimate -->
        <test-method status="PASS" signature="closeDriver()[pri:0, instance:testsuite.FilterTaskTest@7fac631b]" name="closeDriver" is-config="true" duration-ms="186" started-at="2024-03-31T09:38:59 ICT" finished-at="2024-03-31T09:39:00 ICT">
          <reporter-output>
          </reporter-output>
        </test-method> <!-- closeDriver -->
        <test-method status="PASS" signature="openDriver(java.lang.String)[pri:0, instance:testsuite.FilterTaskTest@7fac631b]" name="openDriver" is-config="true" duration-ms="11381" started-at="2024-03-31T09:39:00 ICT" finished-at="2024-03-31T09:39:11 ICT">
          <params>
            <param index="0">
              <value>
                <![CDATA[chrome]]>
              </value>
            </param>
          </params>
          <reporter-output>
          </reporter-output>
        </test-method> <!-- openDriver -->
        <test-method status="PASS" signature="filterByRelatedTo_Expense()[pri:5, instance:testsuite.FilterTaskTest@7fac631b]" name="filterByRelatedTo_Expense" duration-ms="7547" started-at="2024-03-31T09:39:11 ICT" finished-at="2024-03-31T09:39:18 ICT">
          <reporter-output>
          </reporter-output>
        </test-method> <!-- filterByRelatedTo_Expense -->
        <test-method status="PASS" signature="closeDriver()[pri:0, instance:testsuite.FilterTaskTest@7fac631b]" name="closeDriver" is-config="true" duration-ms="154" started-at="2024-03-31T09:39:18 ICT" finished-at="2024-03-31T09:39:19 ICT">
          <reporter-output>
          </reporter-output>
        </test-method> <!-- closeDriver -->
        <test-method status="PASS" signature="openDriver(java.lang.String)[pri:0, instance:testsuite.FilterTaskTest@7fac631b]" name="openDriver" is-config="true" duration-ms="11514" started-at="2024-03-31T09:39:19 ICT" finished-at="2024-03-31T09:39:30 ICT">
          <params>
            <param index="0">
              <value>
                <![CDATA[chrome]]>
              </value>
            </param>
          </params>
          <reporter-output>
          </reporter-output>
        </test-method> <!-- openDriver -->
        <test-method status="PASS" signature="filterByRelatedTo_Invoice()[pri:6, instance:testsuite.FilterTaskTest@7fac631b]" name="filterByRelatedTo_Invoice" duration-ms="7354" started-at="2024-03-31T09:39:30 ICT" finished-at="2024-03-31T09:39:37 ICT">
          <reporter-output>
          </reporter-output>
        </test-method> <!-- filterByRelatedTo_Invoice -->
        <test-method status="PASS" signature="closeDriver()[pri:0, instance:testsuite.FilterTaskTest@7fac631b]" name="closeDriver" is-config="true" duration-ms="216" started-at="2024-03-31T09:39:37 ICT" finished-at="2024-03-31T09:39:38 ICT">
          <reporter-output>
          </reporter-output>
        </test-method> <!-- closeDriver -->
        <test-method status="PASS" signature="openDriver(java.lang.String)[pri:0, instance:testsuite.FilterTaskTest@7fac631b]" name="openDriver" is-config="true" duration-ms="11650" started-at="2024-03-31T09:39:38 ICT" finished-at="2024-03-31T09:39:49 ICT">
          <params>
            <param index="0">
              <value>
                <![CDATA[chrome]]>
              </value>
            </param>
          </params>
          <reporter-output>
          </reporter-output>
        </test-method> <!-- openDriver -->
        <test-method status="PASS" signature="filterByRelatedTo_Lead()[pri:7, instance:testsuite.FilterTaskTest@7fac631b]" name="filterByRelatedTo_Lead" duration-ms="7507" started-at="2024-03-31T09:39:49 ICT" finished-at="2024-03-31T09:39:57 ICT">
          <reporter-output>
          </reporter-output>
        </test-method> <!-- filterByRelatedTo_Lead -->
        <test-method status="PASS" signature="closeDriver()[pri:0, instance:testsuite.FilterTaskTest@7fac631b]" name="closeDriver" is-config="true" duration-ms="137" started-at="2024-03-31T09:39:57 ICT" finished-at="2024-03-31T09:39:57 ICT">
          <reporter-output>
          </reporter-output>
        </test-method> <!-- closeDriver -->
        <test-method status="PASS" signature="openDriver(java.lang.String)[pri:0, instance:testsuite.FilterTaskTest@7fac631b]" name="openDriver" is-config="true" duration-ms="10958" started-at="2024-03-31T09:39:57 ICT" finished-at="2024-03-31T09:40:08 ICT">
          <params>
            <param index="0">
              <value>
                <![CDATA[chrome]]>
              </value>
            </param>
          </params>
          <reporter-output>
          </reporter-output>
        </test-method> <!-- openDriver -->
        <test-method status="PASS" signature="filterByRelatedTo_Order()[pri:8, instance:testsuite.FilterTaskTest@7fac631b]" name="filterByRelatedTo_Order" duration-ms="7633" started-at="2024-03-31T09:40:08 ICT" finished-at="2024-03-31T09:40:16 ICT">
          <reporter-output>
          </reporter-output>
        </test-method> <!-- filterByRelatedTo_Order -->
        <test-method status="PASS" signature="closeDriver()[pri:0, instance:testsuite.FilterTaskTest@7fac631b]" name="closeDriver" is-config="true" duration-ms="192" started-at="2024-03-31T09:40:16 ICT" finished-at="2024-03-31T09:40:16 ICT">
          <reporter-output>
          </reporter-output>
        </test-method> <!-- closeDriver -->
        <test-method status="PASS" signature="openDriver(java.lang.String)[pri:0, instance:testsuite.FilterTaskTest@7fac631b]" name="openDriver" is-config="true" duration-ms="12709" started-at="2024-03-31T09:40:16 ICT" finished-at="2024-03-31T09:40:28 ICT">
          <params>
            <param index="0">
              <value>
                <![CDATA[chrome]]>
              </value>
            </param>
          </params>
          <reporter-output>
          </reporter-output>
        </test-method> <!-- openDriver -->
        <test-method status="PASS" signature="filterByRelatedTo_Proposal()[pri:9, instance:testsuite.FilterTaskTest@7fac631b]" name="filterByRelatedTo_Proposal" duration-ms="7415" started-at="2024-03-31T09:40:28 ICT" finished-at="2024-03-31T09:40:36 ICT">
          <reporter-output>
          </reporter-output>
        </test-method> <!-- filterByRelatedTo_Proposal -->
        <test-method status="PASS" signature="closeDriver()[pri:0, instance:testsuite.FilterTaskTest@7fac631b]" name="closeDriver" is-config="true" duration-ms="113" started-at="2024-03-31T09:40:36 ICT" finished-at="2024-03-31T09:40:36 ICT">
          <reporter-output>
          </reporter-output>
        </test-method> <!-- closeDriver -->
        <test-method status="PASS" signature="openDriver(java.lang.String)[pri:0, instance:testsuite.FilterTaskTest@7fac631b]" name="openDriver" is-config="true" duration-ms="11890" started-at="2024-03-31T09:40:36 ICT" finished-at="2024-03-31T09:40:48 ICT">
          <params>
            <param index="0">
              <value>
                <![CDATA[chrome]]>
              </value>
            </param>
          </params>
          <reporter-output>
          </reporter-output>
        </test-method> <!-- openDriver -->
        <test-method status="PASS" signature="filterByRelatedTo_Subscription()[pri:10, instance:testsuite.FilterTaskTest@7fac631b]" name="filterByRelatedTo_Subscription" duration-ms="7482" started-at="2024-03-31T09:40:48 ICT" finished-at="2024-03-31T09:40:55 ICT">
          <reporter-output>
          </reporter-output>
        </test-method> <!-- filterByRelatedTo_Subscription -->
        <test-method status="PASS" signature="closeDriver()[pri:0, instance:testsuite.FilterTaskTest@7fac631b]" name="closeDriver" is-config="true" duration-ms="226" started-at="2024-03-31T09:40:55 ICT" finished-at="2024-03-31T09:40:56 ICT">
          <reporter-output>
          </reporter-output>
        </test-method> <!-- closeDriver -->
        <test-method status="PASS" signature="openDriver(java.lang.String)[pri:0, instance:testsuite.FilterTaskTest@7fac631b]" name="openDriver" is-config="true" duration-ms="12307" started-at="2024-03-31T09:40:56 ICT" finished-at="2024-03-31T09:41:08 ICT">
          <params>
            <param index="0">
              <value>
                <![CDATA[chrome]]>
              </value>
            </param>
          </params>
          <reporter-output>
          </reporter-output>
        </test-method> <!-- openDriver -->
        <test-method status="PASS" signature="filterByRelatedTo_Ticket()[pri:11, instance:testsuite.FilterTaskTest@7fac631b]" name="filterByRelatedTo_Ticket" duration-ms="7462" started-at="2024-03-31T09:41:08 ICT" finished-at="2024-03-31T09:41:15 ICT">
          <reporter-output>
          </reporter-output>
        </test-method> <!-- filterByRelatedTo_Ticket -->
        <test-method status="PASS" signature="closeDriver()[pri:0, instance:testsuite.FilterTaskTest@7fac631b]" name="closeDriver" is-config="true" duration-ms="185" started-at="2024-03-31T09:41:15 ICT" finished-at="2024-03-31T09:41:16 ICT">
          <reporter-output>
          </reporter-output>
        </test-method> <!-- closeDriver -->
        <test-method status="PASS" signature="openDriver(java.lang.String)[pri:0, instance:testsuite.FilterTaskTest@7fac631b]" name="openDriver" is-config="true" duration-ms="11490" started-at="2024-03-31T09:41:16 ICT" finished-at="2024-03-31T09:41:27 ICT">
          <params>
            <param index="0">
              <value>
                <![CDATA[chrome]]>
              </value>
            </param>
          </params>
          <reporter-output>
          </reporter-output>
        </test-method> <!-- openDriver -->
        <test-method status="PASS" signature="filterByProject()[pri:12, instance:testsuite.FilterTaskTest@7fac631b]" name="filterByProject" duration-ms="2898" started-at="2024-03-31T09:41:27 ICT" finished-at="2024-03-31T09:41:30 ICT">
          <reporter-output>
          </reporter-output>
        </test-method> <!-- filterByProject -->
        <test-method status="PASS" signature="closeDriver()[pri:0, instance:testsuite.FilterTaskTest@7fac631b]" name="closeDriver" is-config="true" duration-ms="147" started-at="2024-03-31T09:41:30 ICT" finished-at="2024-03-31T09:41:30 ICT">
          <reporter-output>
          </reporter-output>
        </test-method> <!-- closeDriver -->
        <test-method status="PASS" signature="openDriver(java.lang.String)[pri:0, instance:testsuite.FilterTaskTest@7fac631b]" name="openDriver" is-config="true" duration-ms="11571" started-at="2024-03-31T09:41:30 ICT" finished-at="2024-03-31T09:41:42 ICT">
          <params>
            <param index="0">
              <value>
                <![CDATA[chrome]]>
              </value>
            </param>
          </params>
          <reporter-output>
          </reporter-output>
        </test-method> <!-- openDriver -->
        <test-method status="PASS" signature="filterByMilestone_Release()[pri:13, instance:testsuite.FilterTaskTest@7fac631b]" name="filterByMilestone_Release" duration-ms="4878" started-at="2024-03-31T09:41:42 ICT" finished-at="2024-03-31T09:41:47 ICT">
          <reporter-output>
          </reporter-output>
        </test-method> <!-- filterByMilestone_Release -->
        <test-method status="PASS" signature="closeDriver()[pri:0, instance:testsuite.FilterTaskTest@7fac631b]" name="closeDriver" is-config="true" duration-ms="139" started-at="2024-03-31T09:41:47 ICT" finished-at="2024-03-31T09:41:47 ICT">
          <reporter-output>
          </reporter-output>
        </test-method> <!-- closeDriver -->
        <test-method status="PASS" signature="openDriver(java.lang.String)[pri:0, instance:testsuite.FilterTaskTest@7fac631b]" name="openDriver" is-config="true" duration-ms="11215" started-at="2024-03-31T09:41:47 ICT" finished-at="2024-03-31T09:41:58 ICT">
          <params>
            <param index="0">
              <value>
                <![CDATA[chrome]]>
              </value>
            </param>
          </params>
          <reporter-output>
          </reporter-output>
        </test-method> <!-- openDriver -->
        <test-method status="PASS" signature="filterByMilestone_BetaRelease()[pri:14, instance:testsuite.FilterTaskTest@7fac631b]" name="filterByMilestone_BetaRelease" duration-ms="4863" started-at="2024-03-31T09:41:58 ICT" finished-at="2024-03-31T09:42:03 ICT">
          <reporter-output>
          </reporter-output>
        </test-method> <!-- filterByMilestone_BetaRelease -->
        <test-method status="PASS" signature="closeDriver()[pri:0, instance:testsuite.FilterTaskTest@7fac631b]" name="closeDriver" is-config="true" duration-ms="169" started-at="2024-03-31T09:42:03 ICT" finished-at="2024-03-31T09:42:03 ICT">
          <reporter-output>
          </reporter-output>
        </test-method> <!-- closeDriver -->
        <test-method status="PASS" signature="openDriver(java.lang.String)[pri:0, instance:testsuite.FilterTaskTest@7fac631b]" name="openDriver" is-config="true" duration-ms="11709" started-at="2024-03-31T09:42:03 ICT" finished-at="2024-03-31T09:42:15 ICT">
          <params>
            <param index="0">
              <value>
                <![CDATA[chrome]]>
              </value>
            </param>
          </params>
          <reporter-output>
          </reporter-output>
        </test-method> <!-- openDriver -->
        <test-method status="PASS" signature="filterByTeamMember()[pri:15, instance:testsuite.FilterTaskTest@7fac631b]" name="filterByTeamMember" duration-ms="1710" started-at="2024-03-31T09:42:15 ICT" finished-at="2024-03-31T09:42:16 ICT">
          <reporter-output>
          </reporter-output>
        </test-method> <!-- filterByTeamMember -->
        <test-method status="PASS" signature="closeDriver()[pri:0, instance:testsuite.FilterTaskTest@7fac631b]" name="closeDriver" is-config="true" duration-ms="145" started-at="2024-03-31T09:42:16 ICT" finished-at="2024-03-31T09:42:17 ICT">
          <reporter-output>
          </reporter-output>
        </test-method> <!-- closeDriver -->
        <test-method status="PASS" signature="openDriver(java.lang.String)[pri:0, instance:testsuite.FilterTaskTest@7fac631b]" name="openDriver" is-config="true" duration-ms="10572" started-at="2024-03-31T09:42:17 ICT" finished-at="2024-03-31T09:42:27 ICT">
          <params>
            <param index="0">
              <value>
                <![CDATA[chrome]]>
              </value>
            </param>
          </params>
          <reporter-output>
          </reporter-output>
        </test-method> <!-- openDriver -->
        <test-method status="PASS" signature="filterByPriority_Minor()[pri:16, instance:testsuite.FilterTaskTest@7fac631b]" name="filterByPriority_Minor" duration-ms="2845" started-at="2024-03-31T09:42:27 ICT" finished-at="2024-03-31T09:42:30 ICT">
          <reporter-output>
          </reporter-output>
        </test-method> <!-- filterByPriority_Minor -->
        <test-method status="PASS" signature="closeDriver()[pri:0, instance:testsuite.FilterTaskTest@7fac631b]" name="closeDriver" is-config="true" duration-ms="151" started-at="2024-03-31T09:42:30 ICT" finished-at="2024-03-31T09:42:30 ICT">
          <reporter-output>
          </reporter-output>
        </test-method> <!-- closeDriver -->
        <test-method status="PASS" signature="openDriver(java.lang.String)[pri:0, instance:testsuite.FilterTaskTest@7fac631b]" name="openDriver" is-config="true" duration-ms="10602" started-at="2024-03-31T09:42:30 ICT" finished-at="2024-03-31T09:42:41 ICT">
          <params>
            <param index="0">
              <value>
                <![CDATA[chrome]]>
              </value>
            </param>
          </params>
          <reporter-output>
          </reporter-output>
        </test-method> <!-- openDriver -->
        <test-method status="PASS" signature="filterByPriority_Major()[pri:17, instance:testsuite.FilterTaskTest@7fac631b]" name="filterByPriority_Major" duration-ms="2800" started-at="2024-03-31T09:42:41 ICT" finished-at="2024-03-31T09:42:43 ICT">
          <reporter-output>
          </reporter-output>
        </test-method> <!-- filterByPriority_Major -->
        <test-method status="PASS" signature="closeDriver()[pri:0, instance:testsuite.FilterTaskTest@7fac631b]" name="closeDriver" is-config="true" duration-ms="135" started-at="2024-03-31T09:42:43 ICT" finished-at="2024-03-31T09:42:44 ICT">
          <reporter-output>
          </reporter-output>
        </test-method> <!-- closeDriver -->
        <test-method status="PASS" signature="openDriver(java.lang.String)[pri:0, instance:testsuite.FilterTaskTest@7fac631b]" name="openDriver" is-config="true" duration-ms="12347" started-at="2024-03-31T09:42:44 ICT" finished-at="2024-03-31T09:42:56 ICT">
          <params>
            <param index="0">
              <value>
                <![CDATA[chrome]]>
              </value>
            </param>
          </params>
          <reporter-output>
          </reporter-output>
        </test-method> <!-- openDriver -->
        <test-method status="PASS" signature="filterByPriority_Critical()[pri:18, instance:testsuite.FilterTaskTest@7fac631b]" name="filterByPriority_Critical" duration-ms="2883" started-at="2024-03-31T09:42:56 ICT" finished-at="2024-03-31T09:42:59 ICT">
          <reporter-output>
          </reporter-output>
        </test-method> <!-- filterByPriority_Critical -->
        <test-method status="PASS" signature="closeDriver()[pri:0, instance:testsuite.FilterTaskTest@7fac631b]" name="closeDriver" is-config="true" duration-ms="166" started-at="2024-03-31T09:42:59 ICT" finished-at="2024-03-31T09:42:59 ICT">
          <reporter-output>
          </reporter-output>
        </test-method> <!-- closeDriver -->
        <test-method status="PASS" signature="openDriver(java.lang.String)[pri:0, instance:testsuite.FilterTaskTest@7fac631b]" name="openDriver" is-config="true" duration-ms="13692" started-at="2024-03-31T09:42:59 ICT" finished-at="2024-03-31T09:43:13 ICT">
          <params>
            <param index="0">
              <value>
                <![CDATA[chrome]]>
              </value>
            </param>
          </params>
          <reporter-output>
          </reporter-output>
        </test-method> <!-- openDriver -->
        <test-method status="PASS" signature="filterByPriority_Blocker()[pri:19, instance:testsuite.FilterTaskTest@7fac631b]" name="filterByPriority_Blocker" duration-ms="3475" started-at="2024-03-31T09:43:13 ICT" finished-at="2024-03-31T09:43:16 ICT">
          <reporter-output>
          </reporter-output>
        </test-method> <!-- filterByPriority_Blocker -->
        <test-method status="PASS" signature="closeDriver()[pri:0, instance:testsuite.FilterTaskTest@7fac631b]" name="closeDriver" is-config="true" duration-ms="170" started-at="2024-03-31T09:43:16 ICT" finished-at="2024-03-31T09:43:16 ICT">
          <reporter-output>
          </reporter-output>
        </test-method> <!-- closeDriver -->
        <test-method status="PASS" signature="openDriver(java.lang.String)[pri:0, instance:testsuite.FilterTaskTest@7fac631b]" name="openDriver" is-config="true" duration-ms="11683" started-at="2024-03-31T09:43:16 ICT" finished-at="2024-03-31T09:43:28 ICT">
          <params>
            <param index="0">
              <value>
                <![CDATA[chrome]]>
              </value>
            </param>
          </params>
          <reporter-output>
          </reporter-output>
        </test-method> <!-- openDriver -->
        <test-method status="PASS" signature="filterByLabel()[pri:20, instance:testsuite.FilterTaskTest@7fac631b]" name="filterByLabel" duration-ms="2798" started-at="2024-03-31T09:43:28 ICT" finished-at="2024-03-31T09:43:31 ICT">
          <reporter-output>
          </reporter-output>
        </test-method> <!-- filterByLabel -->
        <test-method status="PASS" signature="closeDriver()[pri:0, instance:testsuite.FilterTaskTest@7fac631b]" name="closeDriver" is-config="true" duration-ms="151" started-at="2024-03-31T09:43:31 ICT" finished-at="2024-03-31T09:43:31 ICT">
          <reporter-output>
          </reporter-output>
        </test-method> <!-- closeDriver -->
        <test-method status="PASS" signature="openDriver(java.lang.String)[pri:0, instance:testsuite.FilterTaskTest@7fac631b]" name="openDriver" is-config="true" duration-ms="11414" started-at="2024-03-31T09:43:31 ICT" finished-at="2024-03-31T09:43:42 ICT">
          <params>
            <param index="0">
              <value>
                <![CDATA[chrome]]>
              </value>
            </param>
          </params>
          <reporter-output>
          </reporter-output>
        </test-method> <!-- openDriver -->
        <test-method status="PASS" signature="filterByDeadline_Expired()[pri:21, instance:testsuite.FilterTaskTest@7fac631b]" name="filterByDeadline_Expired" duration-ms="2852" started-at="2024-03-31T09:43:42 ICT" finished-at="2024-03-31T09:43:45 ICT">
          <reporter-output>
          </reporter-output>
        </test-method> <!-- filterByDeadline_Expired -->
        <test-method status="PASS" signature="closeDriver()[pri:0, instance:testsuite.FilterTaskTest@7fac631b]" name="closeDriver" is-config="true" duration-ms="156" started-at="2024-03-31T09:43:45 ICT" finished-at="2024-03-31T09:43:45 ICT">
          <reporter-output>
          </reporter-output>
        </test-method> <!-- closeDriver -->
        <test-method status="PASS" signature="openDriver(java.lang.String)[pri:0, instance:testsuite.FilterTaskTest@7fac631b]" name="openDriver" is-config="true" duration-ms="11691" started-at="2024-03-31T09:43:45 ICT" finished-at="2024-03-31T09:43:57 ICT">
          <params>
            <param index="0">
              <value>
                <![CDATA[chrome]]>
              </value>
            </param>
          </params>
          <reporter-output>
          </reporter-output>
        </test-method> <!-- openDriver -->
        <test-method status="PASS" signature="filterByDeadline_Today()[pri:22, instance:testsuite.FilterTaskTest@7fac631b]" name="filterByDeadline_Today" duration-ms="7407" started-at="2024-03-31T09:43:57 ICT" finished-at="2024-03-31T09:44:05 ICT">
          <reporter-output>
          </reporter-output>
        </test-method> <!-- filterByDeadline_Today -->
        <test-method status="PASS" signature="closeDriver()[pri:0, instance:testsuite.FilterTaskTest@7fac631b]" name="closeDriver" is-config="true" duration-ms="169" started-at="2024-03-31T09:44:05 ICT" finished-at="2024-03-31T09:44:05 ICT">
          <reporter-output>
          </reporter-output>
        </test-method> <!-- closeDriver -->
        <test-method status="PASS" signature="openDriver(java.lang.String)[pri:0, instance:testsuite.FilterTaskTest@7fac631b]" name="openDriver" is-config="true" duration-ms="11382" started-at="2024-03-31T09:44:05 ICT" finished-at="2024-03-31T09:44:16 ICT">
          <params>
            <param index="0">
              <value>
                <![CDATA[chrome]]>
              </value>
            </param>
          </params>
          <reporter-output>
          </reporter-output>
        </test-method> <!-- openDriver -->
        <test-method status="PASS" signature="filterByDeadline_Tomorrow()[pri:23, instance:testsuite.FilterTaskTest@7fac631b]" name="filterByDeadline_Tomorrow" duration-ms="3758" started-at="2024-03-31T09:44:16 ICT" finished-at="2024-03-31T09:44:20 ICT">
          <reporter-output>
          </reporter-output>
        </test-method> <!-- filterByDeadline_Tomorrow -->
        <test-method status="PASS" signature="closeDriver()[pri:0, instance:testsuite.FilterTaskTest@7fac631b]" name="closeDriver" is-config="true" duration-ms="185" started-at="2024-03-31T09:44:20 ICT" finished-at="2024-03-31T09:44:20 ICT">
          <reporter-output>
          </reporter-output>
        </test-method> <!-- closeDriver -->
        <test-method status="PASS" signature="openDriver(java.lang.String)[pri:0, instance:testsuite.FilterTaskTest@7fac631b]" name="openDriver" is-config="true" duration-ms="10951" started-at="2024-03-31T09:44:20 ICT" finished-at="2024-03-31T09:44:31 ICT">
          <params>
            <param index="0">
              <value>
                <![CDATA[chrome]]>
              </value>
            </param>
          </params>
          <reporter-output>
          </reporter-output>
        </test-method> <!-- openDriver -->
        <test-method status="PASS" signature="filterByDeadline_In7Days()[pri:24, instance:testsuite.FilterTaskTest@7fac631b]" name="filterByDeadline_In7Days" duration-ms="2652" started-at="2024-03-31T09:44:31 ICT" finished-at="2024-03-31T09:44:34 ICT">
          <reporter-output>
          </reporter-output>
        </test-method> <!-- filterByDeadline_In7Days -->
        <test-method status="PASS" signature="closeDriver()[pri:0, instance:testsuite.FilterTaskTest@7fac631b]" name="closeDriver" is-config="true" duration-ms="131" started-at="2024-03-31T09:44:34 ICT" finished-at="2024-03-31T09:44:34 ICT">
          <reporter-output>
          </reporter-output>
        </test-method> <!-- closeDriver -->
        <test-method status="PASS" signature="openDriver(java.lang.String)[pri:0, instance:testsuite.FilterTaskTest@7fac631b]" name="openDriver" is-config="true" duration-ms="11526" started-at="2024-03-31T09:44:34 ICT" finished-at="2024-03-31T09:44:45 ICT">
          <params>
            <param index="0">
              <value>
                <![CDATA[chrome]]>
              </value>
            </param>
          </params>
          <reporter-output>
          </reporter-output>
        </test-method> <!-- openDriver -->
        <test-method status="PASS" signature="filterByDeadline_In15Days()[pri:25, instance:testsuite.FilterTaskTest@7fac631b]" name="filterByDeadline_In15Days" duration-ms="2855" started-at="2024-03-31T09:44:45 ICT" finished-at="2024-03-31T09:44:48 ICT">
          <reporter-output>
          </reporter-output>
        </test-method> <!-- filterByDeadline_In15Days -->
        <test-method status="PASS" signature="closeDriver()[pri:0, instance:testsuite.FilterTaskTest@7fac631b]" name="closeDriver" is-config="true" duration-ms="152" started-at="2024-03-31T09:44:48 ICT" finished-at="2024-03-31T09:44:48 ICT">
          <reporter-output>
          </reporter-output>
        </test-method> <!-- closeDriver -->
        <test-method status="PASS" signature="openDriver(java.lang.String)[pri:0, instance:testsuite.FilterTaskTest@7fac631b]" name="openDriver" is-config="true" duration-ms="11836" started-at="2024-03-31T09:44:48 ICT" finished-at="2024-03-31T09:45:00 ICT">
          <params>
            <param index="0">
              <value>
                <![CDATA[chrome]]>
              </value>
            </param>
          </params>
          <reporter-output>
          </reporter-output>
        </test-method> <!-- openDriver -->
        <test-method status="PASS" signature="filterByDeadline_Custom_Equal_CurrentDay()[pri:26, instance:testsuite.FilterTaskTest@7fac631b]" name="filterByDeadline_Custom_Equal_CurrentDay" duration-ms="7585" started-at="2024-03-31T09:45:00 ICT" finished-at="2024-03-31T09:45:08 ICT">
          <reporter-output>
          </reporter-output>
        </test-method> <!-- filterByDeadline_Custom_Equal_CurrentDay -->
        <test-method status="PASS" signature="closeDriver()[pri:0, instance:testsuite.FilterTaskTest@7fac631b]" name="closeDriver" is-config="true" duration-ms="200" started-at="2024-03-31T09:45:08 ICT" finished-at="2024-03-31T09:45:08 ICT">
          <reporter-output>
          </reporter-output>
        </test-method> <!-- closeDriver -->
        <test-method status="PASS" signature="openDriver(java.lang.String)[pri:0, instance:testsuite.FilterTaskTest@7fac631b]" name="openDriver" is-config="true" duration-ms="11711" started-at="2024-03-31T09:45:08 ICT" finished-at="2024-03-31T09:45:20 ICT">
          <params>
            <param index="0">
              <value>
                <![CDATA[chrome]]>
              </value>
            </param>
          </params>
          <reporter-output>
          </reporter-output>
        </test-method> <!-- openDriver -->
        <test-method status="PASS" signature="filterByDeadline_Custom_greater_CurrentDay()[pri:27, instance:testsuite.FilterTaskTest@7fac631b]" name="filterByDeadline_Custom_greater_CurrentDay" duration-ms="7383" started-at="2024-03-31T09:45:20 ICT" finished-at="2024-03-31T09:45:27 ICT">
          <reporter-output>
          </reporter-output>
        </test-method> <!-- filterByDeadline_Custom_greater_CurrentDay -->
        <test-method status="PASS" signature="closeDriver()[pri:0, instance:testsuite.FilterTaskTest@7fac631b]" name="closeDriver" is-config="true" duration-ms="223" started-at="2024-03-31T09:45:27 ICT" finished-at="2024-03-31T09:45:27 ICT">
          <reporter-output>
          </reporter-output>
        </test-method> <!-- closeDriver -->
        <test-method status="PASS" signature="openDriver(java.lang.String)[pri:0, instance:testsuite.FilterTaskTest@7fac631b]" name="openDriver" is-config="true" duration-ms="11434" started-at="2024-03-31T09:45:27 ICT" finished-at="2024-03-31T09:45:39 ICT">
          <params>
            <param index="0">
              <value>
                <![CDATA[chrome]]>
              </value>
            </param>
          </params>
          <reporter-output>
          </reporter-output>
        </test-method> <!-- openDriver -->
        <test-method status="PASS" signature="filterByDeadline_Custom_Less_CurrentDay()[pri:28, instance:testsuite.FilterTaskTest@7fac631b]" name="filterByDeadline_Custom_Less_CurrentDay" duration-ms="7366" started-at="2024-03-31T09:45:39 ICT" finished-at="2024-03-31T09:45:46 ICT">
          <reporter-output>
          </reporter-output>
        </test-method> <!-- filterByDeadline_Custom_Less_CurrentDay -->
        <test-method status="PASS" signature="closeDriver()[pri:0, instance:testsuite.FilterTaskTest@7fac631b]" name="closeDriver" is-config="true" duration-ms="240" started-at="2024-03-31T09:45:46 ICT" finished-at="2024-03-31T09:45:46 ICT">
          <reporter-output>
          </reporter-output>
        </test-method> <!-- closeDriver -->
        <test-method status="PASS" signature="openDriver(java.lang.String)[pri:0, instance:testsuite.FilterTaskTest@7fac631b]" name="openDriver" is-config="true" duration-ms="10816" started-at="2024-03-31T09:45:46 ICT" finished-at="2024-03-31T09:45:57 ICT">
          <params>
            <param index="0">
              <value>
                <![CDATA[chrome]]>
              </value>
            </param>
          </params>
          <reporter-output>
          </reporter-output>
        </test-method> <!-- openDriver -->
        <test-method status="PASS" signature="filterByStatus_Todo()[pri:29, instance:testsuite.FilterTaskTest@7fac631b]" name="filterByStatus_Todo" duration-ms="3320" started-at="2024-03-31T09:45:57 ICT" finished-at="2024-03-31T09:46:00 ICT">
          <reporter-output>
          </reporter-output>
        </test-method> <!-- filterByStatus_Todo -->
        <test-method status="PASS" signature="closeDriver()[pri:0, instance:testsuite.FilterTaskTest@7fac631b]" name="closeDriver" is-config="true" duration-ms="200" started-at="2024-03-31T09:46:00 ICT" finished-at="2024-03-31T09:46:01 ICT">
          <reporter-output>
          </reporter-output>
        </test-method> <!-- closeDriver -->
        <test-method status="PASS" signature="openDriver(java.lang.String)[pri:0, instance:testsuite.FilterTaskTest@7fac631b]" name="openDriver" is-config="true" duration-ms="11632" started-at="2024-03-31T09:46:01 ICT" finished-at="2024-03-31T09:46:12 ICT">
          <params>
            <param index="0">
              <value>
                <![CDATA[chrome]]>
              </value>
            </param>
          </params>
          <reporter-output>
          </reporter-output>
        </test-method> <!-- openDriver -->
        <test-method status="PASS" signature="filterByStatus_InProgress()[pri:30, instance:testsuite.FilterTaskTest@7fac631b]" name="filterByStatus_InProgress" duration-ms="3184" started-at="2024-03-31T09:46:12 ICT" finished-at="2024-03-31T09:46:15 ICT">
          <reporter-output>
          </reporter-output>
        </test-method> <!-- filterByStatus_InProgress -->
        <test-method status="PASS" signature="closeDriver()[pri:0, instance:testsuite.FilterTaskTest@7fac631b]" name="closeDriver" is-config="true" duration-ms="165" started-at="2024-03-31T09:46:15 ICT" finished-at="2024-03-31T09:46:16 ICT">
          <reporter-output>
          </reporter-output>
        </test-method> <!-- closeDriver -->
        <test-method status="PASS" signature="openDriver(java.lang.String)[pri:0, instance:testsuite.FilterTaskTest@7fac631b]" name="openDriver" is-config="true" duration-ms="10852" started-at="2024-03-31T09:46:16 ICT" finished-at="2024-03-31T09:46:26 ICT">
          <params>
            <param index="0">
              <value>
                <![CDATA[chrome]]>
              </value>
            </param>
          </params>
          <reporter-output>
          </reporter-output>
        </test-method> <!-- openDriver -->
        <test-method status="PASS" signature="filterByStatus_Review()[pri:31, instance:testsuite.FilterTaskTest@7fac631b]" name="filterByStatus_Review" duration-ms="3206" started-at="2024-03-31T09:46:26 ICT" finished-at="2024-03-31T09:46:30 ICT">
          <reporter-output>
          </reporter-output>
        </test-method> <!-- filterByStatus_Review -->
        <test-method status="PASS" signature="closeDriver()[pri:0, instance:testsuite.FilterTaskTest@7fac631b]" name="closeDriver" is-config="true" duration-ms="140" started-at="2024-03-31T09:46:30 ICT" finished-at="2024-03-31T09:46:30 ICT">
          <reporter-output>
          </reporter-output>
        </test-method> <!-- closeDriver -->
        <test-method status="PASS" signature="openDriver(java.lang.String)[pri:0, instance:testsuite.FilterTaskTest@7fac631b]" name="openDriver" is-config="true" duration-ms="10890" started-at="2024-03-31T09:46:30 ICT" finished-at="2024-03-31T09:46:41 ICT">
          <params>
            <param index="0">
              <value>
                <![CDATA[chrome]]>
              </value>
            </param>
          </params>
          <reporter-output>
          </reporter-output>
        </test-method> <!-- openDriver -->
        <test-method status="PASS" signature="filterByStatus_Done()[pri:32, instance:testsuite.FilterTaskTest@7fac631b]" name="filterByStatus_Done" duration-ms="3210" started-at="2024-03-31T09:46:41 ICT" finished-at="2024-03-31T09:46:44 ICT">
          <reporter-output>
          </reporter-output>
        </test-method> <!-- filterByStatus_Done -->
        <test-method status="PASS" signature="closeDriver()[pri:0, instance:testsuite.FilterTaskTest@7fac631b]" name="closeDriver" is-config="true" duration-ms="134" started-at="2024-03-31T09:46:44 ICT" finished-at="2024-03-31T09:46:44 ICT">
          <reporter-output>
          </reporter-output>
        </test-method> <!-- closeDriver -->
        <test-method status="PASS" signature="openDriver(java.lang.String)[pri:0, instance:testsuite.FilterTaskTest@7fac631b]" name="openDriver" is-config="true" duration-ms="14200" started-at="2024-03-31T09:46:44 ICT" finished-at="2024-03-31T09:46:58 ICT">
          <params>
            <param index="0">
              <value>
                <![CDATA[chrome]]>
              </value>
            </param>
          </params>
          <reporter-output>
          </reporter-output>
        </test-method> <!-- openDriver -->
        <test-method status="PASS" signature="addFilter_Success()[pri:33, instance:testsuite.FilterTaskTest@7fac631b]" name="addFilter_Success" duration-ms="3151" started-at="2024-03-31T09:46:58 ICT" finished-at="2024-03-31T09:47:01 ICT">
          <reporter-output>
          </reporter-output>
        </test-method> <!-- addFilter_Success -->
        <test-method status="PASS" signature="closeDriver()[pri:0, instance:testsuite.FilterTaskTest@7fac631b]" name="closeDriver" is-config="true" duration-ms="143" started-at="2024-03-31T09:47:01 ICT" finished-at="2024-03-31T09:47:01 ICT">
          <reporter-output>
          </reporter-output>
        </test-method> <!-- closeDriver -->
        <test-method status="PASS" signature="openDriver(java.lang.String)[pri:0, instance:testsuite.FilterTaskTest@7fac631b]" name="openDriver" is-config="true" duration-ms="11157" started-at="2024-03-31T09:47:01 ICT" finished-at="2024-03-31T09:47:13 ICT">
          <params>
            <param index="0">
              <value>
                <![CDATA[chrome]]>
              </value>
            </param>
          </params>
          <reporter-output>
          </reporter-output>
        </test-method> <!-- openDriver -->
        <test-method status="PASS" signature="addFilter_Fail()[pri:34, instance:testsuite.FilterTaskTest@7fac631b]" name="addFilter_Fail" duration-ms="1432" started-at="2024-03-31T09:47:13 ICT" finished-at="2024-03-31T09:47:14 ICT">
          <reporter-output>
          </reporter-output>
        </test-method> <!-- addFilter_Fail -->
        <test-method status="PASS" signature="closeDriver()[pri:0, instance:testsuite.FilterTaskTest@7fac631b]" name="closeDriver" is-config="true" duration-ms="138" started-at="2024-03-31T09:47:14 ICT" finished-at="2024-03-31T09:47:14 ICT">
          <reporter-output>
          </reporter-output>
        </test-method> <!-- closeDriver -->
        <test-method status="PASS" signature="openDriver(java.lang.String)[pri:0, instance:testsuite.FilterTaskTest@7fac631b]" name="openDriver" is-config="true" duration-ms="11765" started-at="2024-03-31T09:47:14 ICT" finished-at="2024-03-31T09:47:26 ICT">
          <params>
            <param index="0">
              <value>
                <![CDATA[chrome]]>
              </value>
            </param>
          </params>
          <reporter-output>
          </reporter-output>
        </test-method> <!-- openDriver -->
        <test-method status="PASS" signature="editFilter()[pri:35, instance:testsuite.FilterTaskTest@7fac631b]" name="editFilter" duration-ms="4385" started-at="2024-03-31T09:47:26 ICT" finished-at="2024-03-31T09:47:30 ICT">
          <reporter-output>
          </reporter-output>
        </test-method> <!-- editFilter -->
        <test-method status="PASS" signature="closeDriver()[pri:0, instance:testsuite.FilterTaskTest@7fac631b]" name="closeDriver" is-config="true" duration-ms="163" started-at="2024-03-31T09:47:30 ICT" finished-at="2024-03-31T09:47:31 ICT">
          <reporter-output>
          </reporter-output>
        </test-method> <!-- closeDriver -->
        <test-method status="PASS" signature="openDriver(java.lang.String)[pri:0, instance:testsuite.FilterTaskTest@7fac631b]" name="openDriver" is-config="true" duration-ms="10831" started-at="2024-03-31T09:47:31 ICT" finished-at="2024-03-31T09:47:41 ICT">
          <params>
            <param index="0">
              <value>
                <![CDATA[chrome]]>
              </value>
            </param>
          </params>
          <reporter-output>
          </reporter-output>
        </test-method> <!-- openDriver -->
        <test-method status="PASS" signature="deleteFilter()[pri:36, instance:testsuite.FilterTaskTest@7fac631b]" name="deleteFilter" duration-ms="3489" started-at="2024-03-31T09:47:41 ICT" finished-at="2024-03-31T09:47:45 ICT">
          <reporter-output>
          </reporter-output>
        </test-method> <!-- deleteFilter -->
        <test-method status="PASS" signature="closeDriver()[pri:0, instance:testsuite.FilterTaskTest@7fac631b]" name="closeDriver" is-config="true" duration-ms="147" started-at="2024-03-31T09:47:45 ICT" finished-at="2024-03-31T09:47:45 ICT">
          <reporter-output>
          </reporter-output>
        </test-method> <!-- closeDriver -->
      </class> <!-- testsuite.FilterTaskTest -->
    </test> <!-- Run Parallel test Chrome -->
    <test name="Run Parallel test Edge" duration-ms="689317" started-at="2024-03-31T09:47:45 ICT" finished-at="2024-03-31T09:59:14 ICT">
      <class name="testsuite.FilterTaskTest">
        <test-method status="PASS" signature="openDriver(java.lang.String)[pri:0, instance:testsuite.FilterTaskTest@4b1c1ea0]" name="openDriver" is-config="true" duration-ms="19297" started-at="2024-03-31T09:47:45 ICT" finished-at="2024-03-31T09:48:04 ICT">
          <params>
            <param index="0">
              <value>
                <![CDATA[edge]]>
              </value>
            </param>
          </params>
          <reporter-output>
          </reporter-output>
        </test-method> <!-- openDriver -->
        <test-method status="PASS" signature="filterByRelatedTo_Project()[pri:1, instance:testsuite.FilterTaskTest@4b1c1ea0]" name="filterByRelatedTo_Project" duration-ms="2750" started-at="2024-03-31T09:48:04 ICT" finished-at="2024-03-31T09:48:07 ICT">
          <reporter-output>
          </reporter-output>
        </test-method> <!-- filterByRelatedTo_Project -->
        <test-method status="PASS" signature="closeDriver()[pri:0, instance:testsuite.FilterTaskTest@4b1c1ea0]" name="closeDriver" is-config="true" duration-ms="284" started-at="2024-03-31T09:48:07 ICT" finished-at="2024-03-31T09:48:07 ICT">
          <reporter-output>
          </reporter-output>
        </test-method> <!-- closeDriver -->
        <test-method status="PASS" signature="openDriver(java.lang.String)[pri:0, instance:testsuite.FilterTaskTest@4b1c1ea0]" name="openDriver" is-config="true" duration-ms="12187" started-at="2024-03-31T09:48:07 ICT" finished-at="2024-03-31T09:48:20 ICT">
          <params>
            <param index="0">
              <value>
                <![CDATA[edge]]>
              </value>
            </param>
          </params>
          <reporter-output>
          </reporter-output>
        </test-method> <!-- openDriver -->
        <test-method status="PASS" signature="filterByRelatedTo_Client()[pri:2, instance:testsuite.FilterTaskTest@4b1c1ea0]" name="filterByRelatedTo_Client" duration-ms="7560" started-at="2024-03-31T09:48:20 ICT" finished-at="2024-03-31T09:48:27 ICT">
          <reporter-output>
          </reporter-output>
        </test-method> <!-- filterByRelatedTo_Client -->
        <test-method status="PASS" signature="closeDriver()[pri:0, instance:testsuite.FilterTaskTest@4b1c1ea0]" name="closeDriver" is-config="true" duration-ms="323" started-at="2024-03-31T09:48:27 ICT" finished-at="2024-03-31T09:48:27 ICT">
          <reporter-output>
          </reporter-output>
        </test-method> <!-- closeDriver -->
        <test-method status="PASS" signature="openDriver(java.lang.String)[pri:0, instance:testsuite.FilterTaskTest@4b1c1ea0]" name="openDriver" is-config="true" duration-ms="12763" started-at="2024-03-31T09:48:27 ICT" finished-at="2024-03-31T09:48:40 ICT">
          <params>
            <param index="0">
              <value>
                <![CDATA[edge]]>
              </value>
            </param>
          </params>
          <reporter-output>
          </reporter-output>
        </test-method> <!-- openDriver -->
        <test-method status="PASS" signature="filterByRelatedTo_Contract()[pri:3, instance:testsuite.FilterTaskTest@4b1c1ea0]" name="filterByRelatedTo_Contract" duration-ms="7716" started-at="2024-03-31T09:48:40 ICT" finished-at="2024-03-31T09:48:48 ICT">
          <reporter-output>
          </reporter-output>
        </test-method> <!-- filterByRelatedTo_Contract -->
        <test-method status="PASS" signature="closeDriver()[pri:0, instance:testsuite.FilterTaskTest@4b1c1ea0]" name="closeDriver" is-config="true" duration-ms="282" started-at="2024-03-31T09:48:48 ICT" finished-at="2024-03-31T09:48:48 ICT">
          <reporter-output>
          </reporter-output>
        </test-method> <!-- closeDriver -->
        <test-method status="PASS" signature="openDriver(java.lang.String)[pri:0, instance:testsuite.FilterTaskTest@4b1c1ea0]" name="openDriver" is-config="true" duration-ms="12770" started-at="2024-03-31T09:48:48 ICT" finished-at="2024-03-31T09:49:01 ICT">
          <params>
            <param index="0">
              <value>
                <![CDATA[edge]]>
              </value>
            </param>
          </params>
          <reporter-output>
          </reporter-output>
        </test-method> <!-- openDriver -->
        <test-method status="PASS" signature="filterByRelatedTo_Estimate()[pri:4, instance:testsuite.FilterTaskTest@4b1c1ea0]" name="filterByRelatedTo_Estimate" duration-ms="7732" started-at="2024-03-31T09:49:01 ICT" finished-at="2024-03-31T09:49:09 ICT">
          <reporter-output>
          </reporter-output>
        </test-method> <!-- filterByRelatedTo_Estimate -->
        <test-method status="PASS" signature="closeDriver()[pri:0, instance:testsuite.FilterTaskTest@4b1c1ea0]" name="closeDriver" is-config="true" duration-ms="285" started-at="2024-03-31T09:49:09 ICT" finished-at="2024-03-31T09:49:09 ICT">
          <reporter-output>
          </reporter-output>
        </test-method> <!-- closeDriver -->
        <test-method status="PASS" signature="openDriver(java.lang.String)[pri:0, instance:testsuite.FilterTaskTest@4b1c1ea0]" name="openDriver" is-config="true" duration-ms="12965" started-at="2024-03-31T09:49:09 ICT" finished-at="2024-03-31T09:49:22 ICT">
          <params>
            <param index="0">
              <value>
                <![CDATA[edge]]>
              </value>
            </param>
          </params>
          <reporter-output>
          </reporter-output>
        </test-method> <!-- openDriver -->
        <test-method status="PASS" signature="filterByRelatedTo_Expense()[pri:5, instance:testsuite.FilterTaskTest@4b1c1ea0]" name="filterByRelatedTo_Expense" duration-ms="7571" started-at="2024-03-31T09:49:22 ICT" finished-at="2024-03-31T09:49:30 ICT">
          <reporter-output>
          </reporter-output>
        </test-method> <!-- filterByRelatedTo_Expense -->
        <test-method status="PASS" signature="closeDriver()[pri:0, instance:testsuite.FilterTaskTest@4b1c1ea0]" name="closeDriver" is-config="true" duration-ms="354" started-at="2024-03-31T09:49:30 ICT" finished-at="2024-03-31T09:49:30 ICT">
          <reporter-output>
          </reporter-output>
        </test-method> <!-- closeDriver -->
        <test-method status="PASS" signature="openDriver(java.lang.String)[pri:0, instance:testsuite.FilterTaskTest@4b1c1ea0]" name="openDriver" is-config="true" duration-ms="13810" started-at="2024-03-31T09:49:30 ICT" finished-at="2024-03-31T09:49:44 ICT">
          <params>
            <param index="0">
              <value>
                <![CDATA[edge]]>
              </value>
            </param>
          </params>
          <reporter-output>
          </reporter-output>
        </test-method> <!-- openDriver -->
        <test-method status="PASS" signature="filterByRelatedTo_Invoice()[pri:6, instance:testsuite.FilterTaskTest@4b1c1ea0]" name="filterByRelatedTo_Invoice" duration-ms="7831" started-at="2024-03-31T09:49:44 ICT" finished-at="2024-03-31T09:49:51 ICT">
          <reporter-output>
          </reporter-output>
        </test-method> <!-- filterByRelatedTo_Invoice -->
        <test-method status="PASS" signature="closeDriver()[pri:0, instance:testsuite.FilterTaskTest@4b1c1ea0]" name="closeDriver" is-config="true" duration-ms="242" started-at="2024-03-31T09:49:51 ICT" finished-at="2024-03-31T09:49:52 ICT">
          <reporter-output>
          </reporter-output>
        </test-method> <!-- closeDriver -->
        <test-method status="PASS" signature="openDriver(java.lang.String)[pri:0, instance:testsuite.FilterTaskTest@4b1c1ea0]" name="openDriver" is-config="true" duration-ms="13207" started-at="2024-03-31T09:49:52 ICT" finished-at="2024-03-31T09:50:05 ICT">
          <params>
            <param index="0">
              <value>
                <![CDATA[edge]]>
              </value>
            </param>
          </params>
          <reporter-output>
          </reporter-output>
        </test-method> <!-- openDriver -->
        <test-method status="PASS" signature="filterByRelatedTo_Lead()[pri:7, instance:testsuite.FilterTaskTest@4b1c1ea0]" name="filterByRelatedTo_Lead" duration-ms="7534" started-at="2024-03-31T09:50:05 ICT" finished-at="2024-03-31T09:50:12 ICT">
          <reporter-output>
          </reporter-output>
        </test-method> <!-- filterByRelatedTo_Lead -->
        <test-method status="PASS" signature="closeDriver()[pri:0, instance:testsuite.FilterTaskTest@4b1c1ea0]" name="closeDriver" is-config="true" duration-ms="237" started-at="2024-03-31T09:50:12 ICT" finished-at="2024-03-31T09:50:13 ICT">
          <reporter-output>
          </reporter-output>
        </test-method> <!-- closeDriver -->
        <test-method status="PASS" signature="openDriver(java.lang.String)[pri:0, instance:testsuite.FilterTaskTest@4b1c1ea0]" name="openDriver" is-config="true" duration-ms="12641" started-at="2024-03-31T09:50:13 ICT" finished-at="2024-03-31T09:50:25 ICT">
          <params>
            <param index="0">
              <value>
                <![CDATA[edge]]>
              </value>
            </param>
          </params>
          <reporter-output>
          </reporter-output>
        </test-method> <!-- openDriver -->
        <test-method status="PASS" signature="filterByRelatedTo_Order()[pri:8, instance:testsuite.FilterTaskTest@4b1c1ea0]" name="filterByRelatedTo_Order" duration-ms="7589" started-at="2024-03-31T09:50:25 ICT" finished-at="2024-03-31T09:50:33 ICT">
          <reporter-output>
          </reporter-output>
        </test-method> <!-- filterByRelatedTo_Order -->
        <test-method status="PASS" signature="closeDriver()[pri:0, instance:testsuite.FilterTaskTest@4b1c1ea0]" name="closeDriver" is-config="true" duration-ms="316" started-at="2024-03-31T09:50:33 ICT" finished-at="2024-03-31T09:50:33 ICT">
          <reporter-output>
          </reporter-output>
        </test-method> <!-- closeDriver -->
        <test-method status="PASS" signature="openDriver(java.lang.String)[pri:0, instance:testsuite.FilterTaskTest@4b1c1ea0]" name="openDriver" is-config="true" duration-ms="12759" started-at="2024-03-31T09:50:33 ICT" finished-at="2024-03-31T09:50:46 ICT">
          <params>
            <param index="0">
              <value>
                <![CDATA[edge]]>
              </value>
            </param>
          </params>
          <reporter-output>
          </reporter-output>
        </test-method> <!-- openDriver -->
        <test-method status="PASS" signature="filterByRelatedTo_Proposal()[pri:9, instance:testsuite.FilterTaskTest@4b1c1ea0]" name="filterByRelatedTo_Proposal" duration-ms="7503" started-at="2024-03-31T09:50:46 ICT" finished-at="2024-03-31T09:50:54 ICT">
          <reporter-output>
          </reporter-output>
        </test-method> <!-- filterByRelatedTo_Proposal -->
        <test-method status="PASS" signature="closeDriver()[pri:0, instance:testsuite.FilterTaskTest@4b1c1ea0]" name="closeDriver" is-config="true" duration-ms="251" started-at="2024-03-31T09:50:54 ICT" finished-at="2024-03-31T09:50:54 ICT">
          <reporter-output>
          </reporter-output>
        </test-method> <!-- closeDriver -->
        <test-method status="PASS" signature="openDriver(java.lang.String)[pri:0, instance:testsuite.FilterTaskTest@4b1c1ea0]" name="openDriver" is-config="true" duration-ms="12873" started-at="2024-03-31T09:50:54 ICT" finished-at="2024-03-31T09:51:07 ICT">
          <params>
            <param index="0">
              <value>
                <![CDATA[edge]]>
              </value>
            </param>
          </params>
          <reporter-output>
          </reporter-output>
        </test-method> <!-- openDriver -->
        <test-method status="PASS" signature="filterByRelatedTo_Subscription()[pri:10, instance:testsuite.FilterTaskTest@4b1c1ea0]" name="filterByRelatedTo_Subscription" duration-ms="7530" started-at="2024-03-31T09:51:07 ICT" finished-at="2024-03-31T09:51:14 ICT">
          <reporter-output>
          </reporter-output>
        </test-method> <!-- filterByRelatedTo_Subscription -->
        <test-method status="PASS" signature="closeDriver()[pri:0, instance:testsuite.FilterTaskTest@4b1c1ea0]" name="closeDriver" is-config="true" duration-ms="302" started-at="2024-03-31T09:51:14 ICT" finished-at="2024-03-31T09:51:14 ICT">
          <reporter-output>
          </reporter-output>
        </test-method> <!-- closeDriver -->
        <test-method status="PASS" signature="openDriver(java.lang.String)[pri:0, instance:testsuite.FilterTaskTest@4b1c1ea0]" name="openDriver" is-config="true" duration-ms="13617" started-at="2024-03-31T09:51:14 ICT" finished-at="2024-03-31T09:51:28 ICT">
          <params>
            <param index="0">
              <value>
                <![CDATA[edge]]>
              </value>
            </param>
          </params>
          <reporter-output>
          </reporter-output>
        </test-method> <!-- openDriver -->
        <test-method status="PASS" signature="filterByRelatedTo_Ticket()[pri:11, instance:testsuite.FilterTaskTest@4b1c1ea0]" name="filterByRelatedTo_Ticket" duration-ms="7464" started-at="2024-03-31T09:51:28 ICT" finished-at="2024-03-31T09:51:36 ICT">
          <reporter-output>
          </reporter-output>
        </test-method> <!-- filterByRelatedTo_Ticket -->
        <test-method status="PASS" signature="closeDriver()[pri:0, instance:testsuite.FilterTaskTest@4b1c1ea0]" name="closeDriver" is-config="true" duration-ms="204" started-at="2024-03-31T09:51:36 ICT" finished-at="2024-03-31T09:51:36 ICT">
          <reporter-output>
          </reporter-output>
        </test-method> <!-- closeDriver -->
        <test-method status="PASS" signature="openDriver(java.lang.String)[pri:0, instance:testsuite.FilterTaskTest@4b1c1ea0]" name="openDriver" is-config="true" duration-ms="13579" started-at="2024-03-31T09:51:36 ICT" finished-at="2024-03-31T09:51:49 ICT">
          <params>
            <param index="0">
              <value>
                <![CDATA[edge]]>
              </value>
            </param>
          </params>
          <reporter-output>
          </reporter-output>
        </test-method> <!-- openDriver -->
        <test-method status="PASS" signature="filterByProject()[pri:12, instance:testsuite.FilterTaskTest@4b1c1ea0]" name="filterByProject" duration-ms="2768" started-at="2024-03-31T09:51:49 ICT" finished-at="2024-03-31T09:51:52 ICT">
          <reporter-output>
          </reporter-output>
        </test-method> <!-- filterByProject -->
        <test-method status="PASS" signature="closeDriver()[pri:0, instance:testsuite.FilterTaskTest@4b1c1ea0]" name="closeDriver" is-config="true" duration-ms="326" started-at="2024-03-31T09:51:52 ICT" finished-at="2024-03-31T09:51:52 ICT">
          <reporter-output>
          </reporter-output>
        </test-method> <!-- closeDriver -->
        <test-method status="PASS" signature="openDriver(java.lang.String)[pri:0, instance:testsuite.FilterTaskTest@4b1c1ea0]" name="openDriver" is-config="true" duration-ms="13637" started-at="2024-03-31T09:51:52 ICT" finished-at="2024-03-31T09:52:06 ICT">
          <params>
            <param index="0">
              <value>
                <![CDATA[edge]]>
              </value>
            </param>
          </params>
          <reporter-output>
          </reporter-output>
        </test-method> <!-- openDriver -->
        <test-method status="PASS" signature="filterByMilestone_Release()[pri:13, instance:testsuite.FilterTaskTest@4b1c1ea0]" name="filterByMilestone_Release" duration-ms="4936" started-at="2024-03-31T09:52:06 ICT" finished-at="2024-03-31T09:52:11 ICT">
          <reporter-output>
          </reporter-output>
        </test-method> <!-- filterByMilestone_Release -->
        <test-method status="PASS" signature="closeDriver()[pri:0, instance:testsuite.FilterTaskTest@4b1c1ea0]" name="closeDriver" is-config="true" duration-ms="321" started-at="2024-03-31T09:52:11 ICT" finished-at="2024-03-31T09:52:11 ICT">
          <reporter-output>
          </reporter-output>
        </test-method> <!-- closeDriver -->
        <test-method status="PASS" signature="openDriver(java.lang.String)[pri:0, instance:testsuite.FilterTaskTest@4b1c1ea0]" name="openDriver" is-config="true" duration-ms="12732" started-at="2024-03-31T09:52:11 ICT" finished-at="2024-03-31T09:52:24 ICT">
          <params>
            <param index="0">
              <value>
                <![CDATA[edge]]>
              </value>
            </param>
          </params>
          <reporter-output>
          </reporter-output>
        </test-method> <!-- openDriver -->
        <test-method status="PASS" signature="filterByMilestone_BetaRelease()[pri:14, instance:testsuite.FilterTaskTest@4b1c1ea0]" name="filterByMilestone_BetaRelease" duration-ms="4996" started-at="2024-03-31T09:52:24 ICT" finished-at="2024-03-31T09:52:29 ICT">
          <reporter-output>
          </reporter-output>
        </test-method> <!-- filterByMilestone_BetaRelease -->
        <test-method status="PASS" signature="closeDriver()[pri:0, instance:testsuite.FilterTaskTest@4b1c1ea0]" name="closeDriver" is-config="true" duration-ms="294" started-at="2024-03-31T09:52:29 ICT" finished-at="2024-03-31T09:52:29 ICT">
          <reporter-output>
          </reporter-output>
        </test-method> <!-- closeDriver -->
        <test-method status="PASS" signature="openDriver(java.lang.String)[pri:0, instance:testsuite.FilterTaskTest@4b1c1ea0]" name="openDriver" is-config="true" duration-ms="12434" started-at="2024-03-31T09:52:29 ICT" finished-at="2024-03-31T09:52:42 ICT">
          <params>
            <param index="0">
              <value>
                <![CDATA[edge]]>
              </value>
            </param>
          </params>
          <reporter-output>
          </reporter-output>
        </test-method> <!-- openDriver -->
        <test-method status="PASS" signature="filterByTeamMember()[pri:15, instance:testsuite.FilterTaskTest@4b1c1ea0]" name="filterByTeamMember" duration-ms="1521" started-at="2024-03-31T09:52:42 ICT" finished-at="2024-03-31T09:52:43 ICT">
          <reporter-output>
          </reporter-output>
        </test-method> <!-- filterByTeamMember -->
        <test-method status="PASS" signature="closeDriver()[pri:0, instance:testsuite.FilterTaskTest@4b1c1ea0]" name="closeDriver" is-config="true" duration-ms="228" started-at="2024-03-31T09:52:43 ICT" finished-at="2024-03-31T09:52:44 ICT">
          <reporter-output>
          </reporter-output>
        </test-method> <!-- closeDriver -->
        <test-method status="PASS" signature="openDriver(java.lang.String)[pri:0, instance:testsuite.FilterTaskTest@4b1c1ea0]" name="openDriver" is-config="true" duration-ms="12942" started-at="2024-03-31T09:52:44 ICT" finished-at="2024-03-31T09:52:56 ICT">
          <params>
            <param index="0">
              <value>
                <![CDATA[edge]]>
              </value>
            </param>
          </params>
          <reporter-output>
          </reporter-output>
        </test-method> <!-- openDriver -->
        <test-method status="PASS" signature="filterByPriority_Minor()[pri:16, instance:testsuite.FilterTaskTest@4b1c1ea0]" name="filterByPriority_Minor" duration-ms="2724" started-at="2024-03-31T09:52:56 ICT" finished-at="2024-03-31T09:52:59 ICT">
          <reporter-output>
          </reporter-output>
        </test-method> <!-- filterByPriority_Minor -->
        <test-method status="PASS" signature="closeDriver()[pri:0, instance:testsuite.FilterTaskTest@4b1c1ea0]" name="closeDriver" is-config="true" duration-ms="279" started-at="2024-03-31T09:52:59 ICT" finished-at="2024-03-31T09:52:59 ICT">
          <reporter-output>
          </reporter-output>
        </test-method> <!-- closeDriver -->
        <test-method status="PASS" signature="openDriver(java.lang.String)[pri:0, instance:testsuite.FilterTaskTest@4b1c1ea0]" name="openDriver" is-config="true" duration-ms="13377" started-at="2024-03-31T09:52:59 ICT" finished-at="2024-03-31T09:53:13 ICT">
          <params>
            <param index="0">
              <value>
                <![CDATA[edge]]>
              </value>
            </param>
          </params>
          <reporter-output>
          </reporter-output>
        </test-method> <!-- openDriver -->
        <test-method status="PASS" signature="filterByPriority_Major()[pri:17, instance:testsuite.FilterTaskTest@4b1c1ea0]" name="filterByPriority_Major" duration-ms="2831" started-at="2024-03-31T09:53:13 ICT" finished-at="2024-03-31T09:53:16 ICT">
          <reporter-output>
          </reporter-output>
        </test-method> <!-- filterByPriority_Major -->
        <test-method status="PASS" signature="closeDriver()[pri:0, instance:testsuite.FilterTaskTest@4b1c1ea0]" name="closeDriver" is-config="true" duration-ms="179" started-at="2024-03-31T09:53:16 ICT" finished-at="2024-03-31T09:53:16 ICT">
          <reporter-output>
          </reporter-output>
        </test-method> <!-- closeDriver -->
        <test-method status="PASS" signature="openDriver(java.lang.String)[pri:0, instance:testsuite.FilterTaskTest@4b1c1ea0]" name="openDriver" is-config="true" duration-ms="13138" started-at="2024-03-31T09:53:16 ICT" finished-at="2024-03-31T09:53:29 ICT">
          <params>
            <param index="0">
              <value>
                <![CDATA[edge]]>
              </value>
            </param>
          </params>
          <reporter-output>
          </reporter-output>
        </test-method> <!-- openDriver -->
        <test-method status="PASS" signature="filterByPriority_Critical()[pri:18, instance:testsuite.FilterTaskTest@4b1c1ea0]" name="filterByPriority_Critical" duration-ms="2938" started-at="2024-03-31T09:53:29 ICT" finished-at="2024-03-31T09:53:32 ICT">
          <reporter-output>
          </reporter-output>
        </test-method> <!-- filterByPriority_Critical -->
        <test-method status="PASS" signature="closeDriver()[pri:0, instance:testsuite.FilterTaskTest@4b1c1ea0]" name="closeDriver" is-config="true" duration-ms="266" started-at="2024-03-31T09:53:32 ICT" finished-at="2024-03-31T09:53:32 ICT">
          <reporter-output>
          </reporter-output>
        </test-method> <!-- closeDriver -->
        <test-method status="PASS" signature="openDriver(java.lang.String)[pri:0, instance:testsuite.FilterTaskTest@4b1c1ea0]" name="openDriver" is-config="true" duration-ms="13515" started-at="2024-03-31T09:53:32 ICT" finished-at="2024-03-31T09:53:46 ICT">
          <params>
            <param index="0">
              <value>
                <![CDATA[edge]]>
              </value>
            </param>
          </params>
          <reporter-output>
          </reporter-output>
        </test-method> <!-- openDriver -->
        <test-method status="PASS" signature="filterByPriority_Blocker()[pri:19, instance:testsuite.FilterTaskTest@4b1c1ea0]" name="filterByPriority_Blocker" duration-ms="2863" started-at="2024-03-31T09:53:46 ICT" finished-at="2024-03-31T09:53:49 ICT">
          <reporter-output>
          </reporter-output>
        </test-method> <!-- filterByPriority_Blocker -->
        <test-method status="PASS" signature="closeDriver()[pri:0, instance:testsuite.FilterTaskTest@4b1c1ea0]" name="closeDriver" is-config="true" duration-ms="304" started-at="2024-03-31T09:53:49 ICT" finished-at="2024-03-31T09:53:49 ICT">
          <reporter-output>
          </reporter-output>
        </test-method> <!-- closeDriver -->
        <test-method status="PASS" signature="openDriver(java.lang.String)[pri:0, instance:testsuite.FilterTaskTest@4b1c1ea0]" name="openDriver" is-config="true" duration-ms="13148" started-at="2024-03-31T09:53:49 ICT" finished-at="2024-03-31T09:54:02 ICT">
          <params>
            <param index="0">
              <value>
                <![CDATA[edge]]>
              </value>
            </param>
          </params>
          <reporter-output>
          </reporter-output>
        </test-method> <!-- openDriver -->
        <test-method status="PASS" signature="filterByLabel()[pri:20, instance:testsuite.FilterTaskTest@4b1c1ea0]" name="filterByLabel" duration-ms="2684" started-at="2024-03-31T09:54:02 ICT" finished-at="2024-03-31T09:54:05 ICT">
          <reporter-output>
          </reporter-output>
        </test-method> <!-- filterByLabel -->
        <test-method status="PASS" signature="closeDriver()[pri:0, instance:testsuite.FilterTaskTest@4b1c1ea0]" name="closeDriver" is-config="true" duration-ms="217" started-at="2024-03-31T09:54:05 ICT" finished-at="2024-03-31T09:54:05 ICT">
          <reporter-output>
          </reporter-output>
        </test-method> <!-- closeDriver -->
        <test-method status="PASS" signature="openDriver(java.lang.String)[pri:0, instance:testsuite.FilterTaskTest@4b1c1ea0]" name="openDriver" is-config="true" duration-ms="12844" started-at="2024-03-31T09:54:05 ICT" finished-at="2024-03-31T09:54:18 ICT">
          <params>
            <param index="0">
              <value>
                <![CDATA[edge]]>
              </value>
            </param>
          </params>
          <reporter-output>
          </reporter-output>
        </test-method> <!-- openDriver -->
        <test-method status="PASS" signature="filterByDeadline_Expired()[pri:21, instance:testsuite.FilterTaskTest@4b1c1ea0]" name="filterByDeadline_Expired" duration-ms="2868" started-at="2024-03-31T09:54:18 ICT" finished-at="2024-03-31T09:54:21 ICT">
          <reporter-output>
          </reporter-output>
        </test-method> <!-- filterByDeadline_Expired -->
        <test-method status="PASS" signature="closeDriver()[pri:0, instance:testsuite.FilterTaskTest@4b1c1ea0]" name="closeDriver" is-config="true" duration-ms="181" started-at="2024-03-31T09:54:21 ICT" finished-at="2024-03-31T09:54:21 ICT">
          <reporter-output>
          </reporter-output>
        </test-method> <!-- closeDriver -->
        <test-method status="PASS" signature="openDriver(java.lang.String)[pri:0, instance:testsuite.FilterTaskTest@4b1c1ea0]" name="openDriver" is-config="true" duration-ms="13208" started-at="2024-03-31T09:54:21 ICT" finished-at="2024-03-31T09:54:34 ICT">
          <params>
            <param index="0">
              <value>
                <![CDATA[edge]]>
              </value>
            </param>
          </params>
          <reporter-output>
          </reporter-output>
        </test-method> <!-- openDriver -->
        <test-method status="PASS" signature="filterByDeadline_Today()[pri:22, instance:testsuite.FilterTaskTest@4b1c1ea0]" name="filterByDeadline_Today" duration-ms="7413" started-at="2024-03-31T09:54:34 ICT" finished-at="2024-03-31T09:54:41 ICT">
          <reporter-output>
          </reporter-output>
        </test-method> <!-- filterByDeadline_Today -->
        <test-method status="PASS" signature="closeDriver()[pri:0, instance:testsuite.FilterTaskTest@4b1c1ea0]" name="closeDriver" is-config="true" duration-ms="300" started-at="2024-03-31T09:54:41 ICT" finished-at="2024-03-31T09:54:42 ICT">
          <reporter-output>
          </reporter-output>
        </test-method> <!-- closeDriver -->
        <test-method status="PASS" signature="openDriver(java.lang.String)[pri:0, instance:testsuite.FilterTaskTest@4b1c1ea0]" name="openDriver" is-config="true" duration-ms="13343" started-at="2024-03-31T09:54:42 ICT" finished-at="2024-03-31T09:54:55 ICT">
          <params>
            <param index="0">
              <value>
                <![CDATA[edge]]>
              </value>
            </param>
          </params>
          <reporter-output>
          </reporter-output>
        </test-method> <!-- openDriver -->
        <test-method status="PASS" signature="filterByDeadline_Tomorrow()[pri:23, instance:testsuite.FilterTaskTest@4b1c1ea0]" name="filterByDeadline_Tomorrow" duration-ms="3592" started-at="2024-03-31T09:54:55 ICT" finished-at="2024-03-31T09:54:59 ICT">
          <reporter-output>
          </reporter-output>
        </test-method> <!-- filterByDeadline_Tomorrow -->
        <test-method status="PASS" signature="closeDriver()[pri:0, instance:testsuite.FilterTaskTest@4b1c1ea0]" name="closeDriver" is-config="true" duration-ms="216" started-at="2024-03-31T09:54:59 ICT" finished-at="2024-03-31T09:54:59 ICT">
          <reporter-output>
          </reporter-output>
        </test-method> <!-- closeDriver -->
        <test-method status="PASS" signature="openDriver(java.lang.String)[pri:0, instance:testsuite.FilterTaskTest@4b1c1ea0]" name="openDriver" is-config="true" duration-ms="24229" started-at="2024-03-31T09:54:59 ICT" finished-at="2024-03-31T09:55:23 ICT">
          <params>
            <param index="0">
              <value>
                <![CDATA[edge]]>
              </value>
            </param>
          </params>
          <reporter-output>
          </reporter-output>
        </test-method> <!-- openDriver -->
        <test-method status="PASS" signature="filterByDeadline_In7Days()[pri:24, instance:testsuite.FilterTaskTest@4b1c1ea0]" name="filterByDeadline_In7Days" duration-ms="2700" started-at="2024-03-31T09:55:23 ICT" finished-at="2024-03-31T09:55:26 ICT">
          <reporter-output>
          </reporter-output>
        </test-method> <!-- filterByDeadline_In7Days -->
        <test-method status="PASS" signature="closeDriver()[pri:0, instance:testsuite.FilterTaskTest@4b1c1ea0]" name="closeDriver" is-config="true" duration-ms="250" started-at="2024-03-31T09:55:26 ICT" finished-at="2024-03-31T09:55:26 ICT">
          <reporter-output>
          </reporter-output>
        </test-method> <!-- closeDriver -->
        <test-method status="PASS" signature="openDriver(java.lang.String)[pri:0, instance:testsuite.FilterTaskTest@4b1c1ea0]" name="openDriver" is-config="true" duration-ms="12709" started-at="2024-03-31T09:55:26 ICT" finished-at="2024-03-31T09:55:39 ICT">
          <params>
            <param index="0">
              <value>
                <![CDATA[edge]]>
              </value>
            </param>
          </params>
          <reporter-output>
          </reporter-output>
        </test-method> <!-- openDriver -->
        <test-method status="PASS" signature="filterByDeadline_In15Days()[pri:25, instance:testsuite.FilterTaskTest@4b1c1ea0]" name="filterByDeadline_In15Days" duration-ms="2742" started-at="2024-03-31T09:55:39 ICT" finished-at="2024-03-31T09:55:42 ICT">
          <reporter-output>
          </reporter-output>
        </test-method> <!-- filterByDeadline_In15Days -->
        <test-method status="PASS" signature="closeDriver()[pri:0, instance:testsuite.FilterTaskTest@4b1c1ea0]" name="closeDriver" is-config="true" duration-ms="265" started-at="2024-03-31T09:55:42 ICT" finished-at="2024-03-31T09:55:42 ICT">
          <reporter-output>
          </reporter-output>
        </test-method> <!-- closeDriver -->
        <test-method status="PASS" signature="openDriver(java.lang.String)[pri:0, instance:testsuite.FilterTaskTest@4b1c1ea0]" name="openDriver" is-config="true" duration-ms="13251" started-at="2024-03-31T09:55:42 ICT" finished-at="2024-03-31T09:55:55 ICT">
          <params>
            <param index="0">
              <value>
                <![CDATA[edge]]>
              </value>
            </param>
          </params>
          <reporter-output>
          </reporter-output>
        </test-method> <!-- openDriver -->
        <test-method status="PASS" signature="filterByDeadline_Custom_Equal_CurrentDay()[pri:26, instance:testsuite.FilterTaskTest@4b1c1ea0]" name="filterByDeadline_Custom_Equal_CurrentDay" duration-ms="7600" started-at="2024-03-31T09:55:55 ICT" finished-at="2024-03-31T09:56:03 ICT">
          <reporter-output>
          </reporter-output>
        </test-method> <!-- filterByDeadline_Custom_Equal_CurrentDay -->
        <test-method status="PASS" signature="closeDriver()[pri:0, instance:testsuite.FilterTaskTest@4b1c1ea0]" name="closeDriver" is-config="true" duration-ms="181" started-at="2024-03-31T09:56:03 ICT" finished-at="2024-03-31T09:56:03 ICT">
          <reporter-output>
          </reporter-output>
        </test-method> <!-- closeDriver -->
        <test-method status="PASS" signature="openDriver(java.lang.String)[pri:0, instance:testsuite.FilterTaskTest@4b1c1ea0]" name="openDriver" is-config="true" duration-ms="13278" started-at="2024-03-31T09:56:03 ICT" finished-at="2024-03-31T09:56:16 ICT">
          <params>
            <param index="0">
              <value>
                <![CDATA[edge]]>
              </value>
            </param>
          </params>
          <reporter-output>
          </reporter-output>
        </test-method> <!-- openDriver -->
        <test-method status="PASS" signature="filterByDeadline_Custom_greater_CurrentDay()[pri:27, instance:testsuite.FilterTaskTest@4b1c1ea0]" name="filterByDeadline_Custom_greater_CurrentDay" duration-ms="7789" started-at="2024-03-31T09:56:16 ICT" finished-at="2024-03-31T09:56:24 ICT">
          <reporter-output>
          </reporter-output>
        </test-method> <!-- filterByDeadline_Custom_greater_CurrentDay -->
        <test-method status="PASS" signature="closeDriver()[pri:0, instance:testsuite.FilterTaskTest@4b1c1ea0]" name="closeDriver" is-config="true" duration-ms="281" started-at="2024-03-31T09:56:24 ICT" finished-at="2024-03-31T09:56:24 ICT">
          <reporter-output>
          </reporter-output>
        </test-method> <!-- closeDriver -->
        <test-method status="PASS" signature="openDriver(java.lang.String)[pri:0, instance:testsuite.FilterTaskTest@4b1c1ea0]" name="openDriver" is-config="true" duration-ms="25141" started-at="2024-03-31T09:56:24 ICT" finished-at="2024-03-31T09:56:49 ICT">
          <params>
            <param index="0">
              <value>
                <![CDATA[edge]]>
              </value>
            </param>
          </params>
          <reporter-output>
          </reporter-output>
        </test-method> <!-- openDriver -->
        <test-method status="PASS" signature="filterByDeadline_Custom_Less_CurrentDay()[pri:28, instance:testsuite.FilterTaskTest@4b1c1ea0]" name="filterByDeadline_Custom_Less_CurrentDay" duration-ms="7412" started-at="2024-03-31T09:56:49 ICT" finished-at="2024-03-31T09:56:57 ICT">
          <reporter-output>
          </reporter-output>
        </test-method> <!-- filterByDeadline_Custom_Less_CurrentDay -->
        <test-method status="PASS" signature="closeDriver()[pri:0, instance:testsuite.FilterTaskTest@4b1c1ea0]" name="closeDriver" is-config="true" duration-ms="262" started-at="2024-03-31T09:56:57 ICT" finished-at="2024-03-31T09:56:57 ICT">
          <reporter-output>
          </reporter-output>
        </test-method> <!-- closeDriver -->
[...]
Driver info: org.openqa.selenium.firefox.FirefoxDriver
Command: [a7807856-30be-4b7b-b472-6a3e0d89b7ae, get {url=https://rise.fairsketch.com/signin}]
Capabilities {acceptInsecureCerts: true, browserName: firefox, browserVersion: 124.0.1, moz:accessibilityChecks: false, moz:buildID: 20240321230221, moz:debuggerAddress: 127.0.0.1:11739, moz:geckodriverVersion: 0.34.0, moz:headless: false, moz:platformVersion: 10.0, moz:processID: 20412, moz:profile: C:\Users\Admin\AppData\Loca..., moz:shutdownTimeout: 60000, moz:webdriverClick: true, moz:windowless: false, pageLoadStrategy: normal, platformName: windows, proxy: Proxy(), se:cdp: ws://127.0.0.1:11739/devtoo..., se:cdpVersion: 85.0, setWindowRect: true, strictFileInteractability: false, timeouts: {implicit: 0, pageLoad: 300000, script: 30000}, unhandledPromptBehavior: dismiss and notify}
Session ID: a7807856-30be-4b7b-b472-6a3e0d89b7ae]]>
            </message>
            <full-stacktrace>
              <![CDATA[org.openqa.selenium.TimeoutException: Navigation timed out after 30000 ms
Build info: version: '4.10.0', revision: 'c14d967899'
System info: os.name: 'Windows 10', os.arch: 'amd64', os.version: '10.0', java.version: '1.8.0_392'
Driver info: org.openqa.selenium.firefox.FirefoxDriver
Command: [a7807856-30be-4b7b-b472-6a3e0d89b7ae, get {url=https://rise.fairsketch.com/signin}]
Capabilities {acceptInsecureCerts: true, browserName: firefox, browserVersion: 124.0.1, moz:accessibilityChecks: false, moz:buildID: 20240321230221, moz:debuggerAddress: 127.0.0.1:11739, moz:geckodriverVersion: 0.34.0, moz:headless: false, moz:platformVersion: 10.0, moz:processID: 20412, moz:profile: C:\Users\Admin\AppData\Loca..., moz:shutdownTimeout: 60000, moz:webdriverClick: true, moz:windowless: false, pageLoadStrategy: normal, platformName: windows, proxy: Proxy(), se:cdp: ws://127.0.0.1:11739/devtoo..., se:cdpVersion: 85.0, setWindowRect: true, strictFileInteractability: false, timeouts: {implicit: 0, pageLoad: 300000, script: 30000}, unhandledPromptBehavior: dismiss and notify}
Session ID: a7807856-30be-4b7b-b472-6a3e0d89b7ae
at sun.reflect.NativeConstructorAccessorImpl.newInstance0(Native Method)
at sun.reflect.NativeConstructorAccessorImpl.newInstance(NativeConstructorAccessorImpl.java:62)
at sun.reflect.DelegatingConstructorAccessorImpl.newInstance(DelegatingConstructorAccessorImpl.java:45)
at java.lang.reflect.Constructor.newInstance(Constructor.java:423)
at org.openqa.selenium.remote.codec.w3c.W3CHttpResponseCodec.createException(W3CHttpResponseCodec.java:199)
at org.openqa.selenium.remote.codec.w3c.W3CHttpResponseCodec.decode(W3CHttpResponseCodec.java:132)
at org.openqa.selenium.remote.codec.w3c.W3CHttpResponseCodec.decode(W3CHttpResponseCodec.java:51)
at org.openqa.selenium.remote.HttpCommandExecutor.execute(HttpCommandExecutor.java:191)
at org.openqa.selenium.remote.service.DriverCommandExecutor.invokeExecute(DriverCommandExecutor.java:196)
at org.openqa.selenium.remote.service.DriverCommandExecutor.execute(DriverCommandExecutor.java:171)
at org.openqa.selenium.remote.RemoteWebDriver.execute(RemoteWebDriver.java:531)
at org.openqa.selenium.remote.RemoteWebDriver.get(RemoteWebDriver.java:295)
at testsuite.FilterTaskTest.openDriver(FilterTaskTest.java:26)
at sun.reflect.GeneratedMethodAccessor5.invoke(Unknown Source)
at sun.reflect.DelegatingMethodAccessorImpl.invoke(DelegatingMethodAccessorImpl.java:43)
at java.lang.reflect.Method.invoke(Method.java:498)
at org.testng.internal.MethodInvocationHelper.invokeMethod(MethodInvocationHelper.java:133)
at org.testng.internal.MethodInvocationHelper.invokeMethodConsideringTimeout(MethodInvocationHelper.java:62)
at org.testng.internal.ConfigInvoker.invokeConfigurationMethod(ConfigInvoker.java:385)
at org.testng.internal.ConfigInvoker.invokeConfigurations(ConfigInvoker.java:321)
at org.testng.internal.TestInvoker.runConfigMethods(TestInvoker.java:700)
at org.testng.internal.TestInvoker.invokeMethod(TestInvoker.java:527)
at org.testng.internal.TestInvoker.invokeTestMethod(TestInvoker.java:173)
at org.testng.internal.MethodRunner.runInSequence(MethodRunner.java:46)
at org.testng.internal.TestInvoker$MethodInvocationAgent.invoke(TestInvoker.java:824)
at org.testng.internal.TestInvoker.invokeTestMethods(TestInvoker.java:146)
at org.testng.internal.TestMethodWorker.invokeTestMethods(TestMethodWorker.java:146)
at org.testng.internal.TestMethodWorker.run(TestMethodWorker.java:128)
at java.util.ArrayList.forEach(ArrayList.java:1259)
at org.testng.TestRunner.privateRun(TestRunner.java:794)
at org.testng.TestRunner.run(TestRunner.java:596)
at org.testng.SuiteRunner.runTest(SuiteRunner.java:377)
at org.testng.SuiteRunner.runSequentially(SuiteRunner.java:371)
at org.testng.SuiteRunner.privateRun(SuiteRunner.java:332)
at org.testng.SuiteRunner.run(SuiteRunner.java:276)
at org.testng.SuiteRunnerWorker.runSuite(SuiteRunnerWorker.java:53)
at org.testng.SuiteRunnerWorker.run(SuiteRunnerWorker.java:96)
at org.testng.TestNG.runSuitesSequentially(TestNG.java:1212)
at org.testng.TestNG.runSuitesLocally(TestNG.java:1134)
at org.testng.TestNG.runSuites(TestNG.java:1063)
at org.testng.TestNG.run(TestNG.java:1031)
at com.intellij.rt.testng.IDEARemoteTestNG.run(IDEARemoteTestNG.java:66)
at com.intellij.rt.testng.RemoteTestNGStarter.main(RemoteTestNGStarter.java:109)
]]>
            </full-stacktrace>
          </exception> <!-- org.openqa.selenium.TimeoutException -->
          <reporter-output>
          </reporter-output>
        </test-method> <!-- addFilter_Fail -->
        <test-method status="SKIP" signature="editFilter()[pri:35, instance:testsuite.FilterTaskTest@2833cc44]" name="editFilter" duration-ms="0" started-at="2024-03-31T10:08:04 ICT" finished-at="2024-03-31T10:08:04 ICT">
          <exception class="org.openqa.selenium.TimeoutException">
            <message>
              <![CDATA[Navigation timed out after 30000 ms
Build info: version: '4.10.0', revision: 'c14d967899'
System info: os.name: 'Windows 10', os.arch: 'amd64', os.version: '10.0', java.version: '1.8.0_392'
Driver info: org.openqa.selenium.firefox.FirefoxDriver
Command: [a7807856-30be-4b7b-b472-6a3e0d89b7ae, get {url=https://rise.fairsketch.com/signin}]
Capabilities {acceptInsecureCerts: true, browserName: firefox, browserVersion: 124.0.1, moz:accessibilityChecks: false, moz:buildID: 20240321230221, moz:debuggerAddress: 127.0.0.1:11739, moz:geckodriverVersion: 0.34.0, moz:headless: false, moz:platformVersion: 10.0, moz:processID: 20412, moz:profile: C:\Users\Admin\AppData\Loca..., moz:shutdownTimeout: 60000, moz:webdriverClick: true, moz:windowless: false, pageLoadStrategy: normal, platformName: windows, proxy: Proxy(), se:cdp: ws://127.0.0.1:11739/devtoo..., se:cdpVersion: 85.0, setWindowRect: true, strictFileInteractability: false, timeouts: {implicit: 0, pageLoad: 300000, script: 30000}, unhandledPromptBehavior: dismiss and notify}
Session ID: a7807856-30be-4b7b-b472-6a3e0d89b7ae]]>
            </message>
            <full-stacktrace>
              <![CDATA[org.openqa.selenium.TimeoutException: Navigation timed out after 30000 ms
Build info: version: '4.10.0', revision: 'c14d967899'
System info: os.name: 'Windows 10', os.arch: 'amd64', os.version: '10.0', java.version: '1.8.0_392'
Driver info: org.openqa.selenium.firefox.FirefoxDriver
Command: [a7807856-30be-4b7b-b472-6a3e0d89b7ae, get {url=https://rise.fairsketch.com/signin}]
Capabilities {acceptInsecureCerts: true, browserName: firefox, browserVersion: 124.0.1, moz:accessibilityChecks: false, moz:buildID: 20240321230221, moz:debuggerAddress: 127.0.0.1:11739, moz:geckodriverVersion: 0.34.0, moz:headless: false, moz:platformVersion: 10.0, moz:processID: 20412, moz:profile: C:\Users\Admin\AppData\Loca..., moz:shutdownTimeout: 60000, moz:webdriverClick: true, moz:windowless: false, pageLoadStrategy: normal, platformName: windows, proxy: Proxy(), se:cdp: ws://127.0.0.1:11739/devtoo..., se:cdpVersion: 85.0, setWindowRect: true, strictFileInteractability: false, timeouts: {implicit: 0, pageLoad: 300000, script: 30000}, unhandledPromptBehavior: dismiss and notify}
Session ID: a7807856-30be-4b7b-b472-6a3e0d89b7ae
at sun.reflect.NativeConstructorAccessorImpl.newInstance0(Native Method)
at sun.reflect.NativeConstructorAccessorImpl.newInstance(NativeConstructorAccessorImpl.java:62)
at sun.reflect.DelegatingConstructorAccessorImpl.newInstance(DelegatingConstructorAccessorImpl.java:45)
at java.lang.reflect.Constructor.newInstance(Constructor.java:423)
at org.openqa.selenium.remote.codec.w3c.W3CHttpResponseCodec.createException(W3CHttpResponseCodec.java:199)
at org.openqa.selenium.remote.codec.w3c.W3CHttpResponseCodec.decode(W3CHttpResponseCodec.java:132)
at org.openqa.selenium.remote.codec.w3c.W3CHttpResponseCodec.decode(W3CHttpResponseCodec.java:51)
at org.openqa.selenium.remote.HttpCommandExecutor.execute(HttpCommandExecutor.java:191)
at org.openqa.selenium.remote.service.DriverCommandExecutor.invokeExecute(DriverCommandExecutor.java:196)
at org.openqa.selenium.remote.service.DriverCommandExecutor.execute(DriverCommandExecutor.java:171)
at org.openqa.selenium.remote.RemoteWebDriver.execute(RemoteWebDriver.java:531)
at org.openqa.selenium.remote.RemoteWebDriver.get(RemoteWebDriver.java:295)
at testsuite.FilterTaskTest.openDriver(FilterTaskTest.java:26)
at sun.reflect.GeneratedMethodAccessor5.invoke(Unknown Source)
at sun.reflect.DelegatingMethodAccessorImpl.invoke(DelegatingMethodAccessorImpl.java:43)
at java.lang.reflect.Method.invoke(Method.java:498)
at org.testng.internal.MethodInvocationHelper.invokeMethod(MethodInvocationHelper.java:133)
at org.testng.internal.MethodInvocationHelper.invokeMethodConsideringTimeout(MethodInvocationHelper.java:62)
at org.testng.internal.ConfigInvoker.invokeConfigurationMethod(ConfigInvoker.java:385)
at org.testng.internal.ConfigInvoker.invokeConfigurations(ConfigInvoker.java:321)
at org.testng.internal.TestInvoker.runConfigMethods(TestInvoker.java:700)
at org.testng.internal.TestInvoker.invokeMethod(TestInvoker.java:527)
at org.testng.internal.TestInvoker.invokeTestMethod(TestInvoker.java:173)
at org.testng.internal.MethodRunner.runInSequence(MethodRunner.java:46)
at org.testng.internal.TestInvoker$MethodInvocationAgent.invoke(TestInvoker.java:824)
at org.testng.internal.TestInvoker.invokeTestMethods(TestInvoker.java:146)
at org.testng.internal.TestMethodWorker.invokeTestMethods(TestMethodWorker.java:146)
at org.testng.internal.TestMethodWorker.run(TestMethodWorker.java:128)
at java.util.ArrayList.forEach(ArrayList.java:1259)
at org.testng.TestRunner.privateRun(TestRunner.java:794)
at org.testng.TestRunner.run(TestRunner.java:596)
at org.testng.SuiteRunner.runTest(SuiteRunner.java:377)
at org.testng.SuiteRunner.runSequentially(SuiteRunner.java:371)
at org.testng.SuiteRunner.privateRun(SuiteRunner.java:332)
at org.testng.SuiteRunner.run(SuiteRunner.java:276)
at org.testng.SuiteRunnerWorker.runSuite(SuiteRunnerWorker.java:53)
at org.testng.SuiteRunnerWorker.run(SuiteRunnerWorker.java:96)
at org.testng.TestNG.runSuitesSequentially(TestNG.java:1212)
at org.testng.TestNG.runSuitesLocally(TestNG.java:1134)
at org.testng.TestNG.runSuites(TestNG.java:1063)
at org.testng.TestNG.run(TestNG.java:1031)
at com.intellij.rt.testng.IDEARemoteTestNG.run(IDEARemoteTestNG.java:66)
at com.intellij.rt.testng.RemoteTestNGStarter.main(RemoteTestNGStarter.java:109)
]]>
            </full-stacktrace>
          </exception> <!-- org.openqa.selenium.TimeoutException -->
          <reporter-output>
          </reporter-output>
        </test-method> <!-- editFilter -->
        <test-method status="SKIP" signature="closeDriver()[pri:0, instance:testsuite.FilterTaskTest@2833cc44]" name="closeDriver" is-config="true" duration-ms="-1711854484293" started-at="2024-03-31T10:08:04 ICT" finished-at="1970-01-01T07:00:00 ICT">
          <reporter-output>
          </reporter-output>
        </test-method> <!-- closeDriver -->
        <test-method status="SKIP" signature="closeDriver()[pri:0, instance:testsuite.FilterTaskTest@2833cc44]" name="closeDriver" is-config="true" duration-ms="-1711854484293" started-at="2024-03-31T10:08:04 ICT" finished-at="1970-01-01T07:00:00 ICT">
          <reporter-output>
          </reporter-output>
        </test-method> <!-- closeDriver -->
        <test-method status="SKIP" signature="deleteFilter()[pri:36, instance:testsuite.FilterTaskTest@2833cc44]" name="deleteFilter" duration-ms="0" started-at="2024-03-31T10:08:04 ICT" finished-at="2024-03-31T10:08:04 ICT">
          <exception class="org.openqa.selenium.TimeoutException">
            <message>
              <![CDATA[Navigation timed out after 30000 ms
Build info: version: '4.10.0', revision: 'c14d967899'
System info: os.name: 'Windows 10', os.arch: 'amd64', os.version: '10.0', java.version: '1.8.0_392'
Driver info: org.openqa.selenium.firefox.FirefoxDriver
Command: [a7807856-30be-4b7b-b472-6a3e0d89b7ae, get {url=https://rise.fairsketch.com/signin}]
Capabilities {acceptInsecureCerts: true, browserName: firefox, browserVersion: 124.0.1, moz:accessibilityChecks: false, moz:buildID: 20240321230221, moz:debuggerAddress: 127.0.0.1:11739, moz:geckodriverVersion: 0.34.0, moz:headless: false, moz:platformVersion: 10.0, moz:processID: 20412, moz:profile: C:\Users\Admin\AppData\Loca..., moz:shutdownTimeout: 60000, moz:webdriverClick: true, moz:windowless: false, pageLoadStrategy: normal, platformName: windows, proxy: Proxy(), se:cdp: ws://127.0.0.1:11739/devtoo..., se:cdpVersion: 85.0, setWindowRect: true, strictFileInteractability: false, timeouts: {implicit: 0, pageLoad: 300000, script: 30000}, unhandledPromptBehavior: dismiss and notify}
Session ID: a7807856-30be-4b7b-b472-6a3e0d89b7ae]]>
            </message>
            <full-stacktrace>
              <![CDATA[org.openqa.selenium.TimeoutException: Navigation timed out after 30000 ms
Build info: version: '4.10.0', revision: 'c14d967899'
System info: os.name: 'Windows 10', os.arch: 'amd64', os.version: '10.0', java.version: '1.8.0_392'
Driver info: org.openqa.selenium.firefox.FirefoxDriver
Command: [a7807856-30be-4b7b-b472-6a3e0d89b7ae, get {url=https://rise.fairsketch.com/signin}]
Capabilities {acceptInsecureCerts: true, browserName: firefox, browserVersion: 124.0.1, moz:accessibilityChecks: false, moz:buildID: 20240321230221, moz:debuggerAddress: 127.0.0.1:11739, moz:geckodriverVersion: 0.34.0, moz:headless: false, moz:platformVersion: 10.0, moz:processID: 20412, moz:profile: C:\Users\Admin\AppData\Loca..., moz:shutdownTimeout: 60000, moz:webdriverClick: true, moz:windowless: false, pageLoadStrategy: normal, platformName: windows, proxy: Proxy(), se:cdp: ws://127.0.0.1:11739/devtoo..., se:cdpVersion: 85.0, setWindowRect: true, strictFileInteractability: false, timeouts: {implicit: 0, pageLoad: 300000, script: 30000}, unhandledPromptBehavior: dismiss and notify}
Session ID: a7807856-30be-4b7b-b472-6a3e0d89b7ae
at sun.reflect.NativeConstructorAccessorImpl.newInstance0(Native Method)
at sun.reflect.NativeConstructorAccessorImpl.newInstance(NativeConstructorAccessorImpl.java:62)
at sun.reflect.DelegatingConstructorAccessorImpl.newInstance(DelegatingConstructorAccessorImpl.java:45)
at java.lang.reflect.Constructor.newInstance(Constructor.java:423)
at org.openqa.selenium.remote.codec.w3c.W3CHttpResponseCodec.createException(W3CHttpResponseCodec.java:199)
at org.openqa.selenium.remote.codec.w3c.W3CHttpResponseCodec.decode(W3CHttpResponseCodec.java:132)
at org.openqa.selenium.remote.codec.w3c.W3CHttpResponseCodec.decode(W3CHttpResponseCodec.java:51)
at org.openqa.selenium.remote.HttpCommandExecutor.execute(HttpCommandExecutor.java:191)
at org.openqa.selenium.remote.service.DriverCommandExecutor.invokeExecute(DriverCommandExecutor.java:196)
at org.openqa.selenium.remote.service.DriverCommandExecutor.execute(DriverCommandExecutor.java:171)
at org.openqa.selenium.remote.RemoteWebDriver.execute(RemoteWebDriver.java:531)
at org.openqa.selenium.remote.RemoteWebDriver.get(RemoteWebDriver.java:295)
at testsuite.FilterTaskTest.openDriver(FilterTaskTest.java:26)
at sun.reflect.GeneratedMethodAccessor5.invoke(Unknown Source)
at sun.reflect.DelegatingMethodAccessorImpl.invoke(DelegatingMethodAccessorImpl.java:43)
at java.lang.reflect.Method.invoke(Method.java:498)
at org.testng.internal.MethodInvocationHelper.invokeMethod(MethodInvocationHelper.java:133)
at org.testng.internal.MethodInvocationHelper.invokeMethodConsideringTimeout(MethodInvocationHelper.java:62)
at org.testng.internal.ConfigInvoker.invokeConfigurationMethod(ConfigInvoker.java:385)
at org.testng.internal.ConfigInvoker.invokeConfigurations(ConfigInvoker.java:321)
at org.testng.internal.TestInvoker.runConfigMethods(TestInvoker.java:700)
at org.testng.internal.TestInvoker.invokeMethod(TestInvoker.java:527)
at org.testng.internal.TestInvoker.invokeTestMethod(TestInvoker.java:173)
at org.testng.internal.MethodRunner.runInSequence(MethodRunner.java:46)
at org.testng.internal.TestInvoker$MethodInvocationAgent.invoke(TestInvoker.java:824)
at org.testng.internal.TestInvoker.invokeTestMethods(TestInvoker.java:146)
at org.testng.internal.TestMethodWorker.invokeTestMethods(TestMethodWorker.java:146)
at org.testng.internal.TestMethodWorker.run(TestMethodWorker.java:128)
at java.util.ArrayList.forEach(ArrayList.java:1259)
at org.testng.TestRunner.privateRun(TestRunner.java:794)
at org.testng.TestRunner.run(TestRunner.java:596)
at org.testng.SuiteRunner.runTest(SuiteRunner.java:377)
at org.testng.SuiteRunner.runSequentially(SuiteRunner.java:371)
at org.testng.SuiteRunner.privateRun(SuiteRunner.java:332)
at org.testng.SuiteRunner.run(SuiteRunner.java:276)
at org.testng.SuiteRunnerWorker.runSuite(SuiteRunnerWorker.java:53)
at org.testng.SuiteRunnerWorker.run(SuiteRunnerWorker.java:96)
at org.testng.TestNG.runSuitesSequentially(TestNG.java:1212)
at org.testng.TestNG.runSuitesLocally(TestNG.java:1134)
at org.testng.TestNG.runSuites(TestNG.java:1063)
at org.testng.TestNG.run(TestNG.java:1031)
at com.intellij.rt.testng.IDEARemoteTestNG.run(IDEARemoteTestNG.java:66)
at com.intellij.rt.testng.RemoteTestNGStarter.main(RemoteTestNGStarter.java:109)
]]>
            </full-stacktrace>
          </exception> <!-- org.openqa.selenium.TimeoutException -->
          <reporter-output>
          </reporter-output>
        </test-method> <!-- deleteFilter -->
        <test-method status="SKIP" signature="openDriver(java.lang.String)[pri:0, instance:testsuite.FilterTaskTest@2833cc44]" name="openDriver" is-config="true" duration-ms="-1711854484293" started-at="2024-03-31T10:08:04 ICT" finished-at="1970-01-01T07:00:00 ICT">
          <reporter-output>
          </reporter-output>
        </test-method> <!-- openDriver -->
        <test-method status="SKIP" signature="openDriver(java.lang.String)[pri:0, instance:testsuite.FilterTaskTest@2833cc44]" name="openDriver" is-config="true" duration-ms="-1711854484293" started-at="2024-03-31T10:08:04 ICT" finished-at="1970-01-01T07:00:00 ICT">
          <reporter-output>
          </reporter-output>
        </test-method> <!-- openDriver -->
        <test-method status="SKIP" signature="openDriver(java.lang.String)[pri:0, instance:testsuite.FilterTaskTest@2833cc44]" name="openDriver" is-config="true" duration-ms="-1711854484293" started-at="2024-03-31T10:08:04 ICT" finished-at="1970-01-01T07:00:00 ICT">
          <reporter-output>
          </reporter-output>
        </test-method> <!-- openDriver -->
        <test-method status="SKIP" signature="closeDriver()[pri:0, instance:testsuite.FilterTaskTest@2833cc44]" name="closeDriver" is-config="true" duration-ms="-1711854484293" started-at="2024-03-31T10:08:04 ICT" finished-at="1970-01-01T07:00:00 ICT">
          <reporter-output>
          </reporter-output>
        </test-method> <!-- closeDriver -->
      </class> <!-- testsuite.FilterTaskTest -->
    </test> <!-- Run Parallel test Firefox -->
  </suite> <!-- TestSuite -->
</testng-results>
