<?xml version="1.0" encoding="UTF-8"?>
<!-- Generated by org.testng.reporters.JUnitXMLReporter -->
<testsuite hostname="DESKTOP-KDQOQ35" ignored="0" name="Run Parallel test Chrome" tests="36" failures="0" timestamp="2024-03-31T09:47:45 ICT" time="600.481" errors="0">
  <testcase name="filterByRelatedTo_Project" time="3.03" classname="testsuite.FilterTaskTest"/>
  <testcase name="filterByRelatedTo_Client" time="7.647" classname="testsuite.FilterTaskTest"/>
  <testcase name="filterByRelatedTo_Contract" time="7.344" classname="testsuite.FilterTaskTest"/>
  <testcase name="filterByRelatedTo_Estimate" time="7.65" classname="testsuite.FilterTaskTest"/>
  <testcase name="filterByRelatedTo_Expense" time="7.547" classname="testsuite.FilterTaskTest"/>
  <testcase name="filterByRelatedTo_Invoice" time="7.354" classname="testsuite.FilterTaskTest"/>
  <testcase name="filterByRelatedTo_Lead" time="7.507" classname="testsuite.FilterTaskTest"/>
  <testcase name="filterByRelatedTo_Order" time="7.633" classname="testsuite.FilterTaskTest"/>
  <testcase name="filterByRelatedTo_Proposal" time="7.415" classname="testsuite.FilterTaskTest"/>
  <testcase name="filterByRelatedTo_Subscription" time="7.482" classname="testsuite.FilterTaskTest"/>
  <testcase name="filterByRelatedTo_Ticket" time="7.462" classname="testsuite.FilterTaskTest"/>
  <testcase name="filterByProject" time="2.898" classname="testsuite.FilterTaskTest"/>
  <testcase name="filterByMilestone_Release" time="4.878" classname="testsuite.FilterTaskTest"/>
  <testcase name="filterByMilestone_BetaRelease" time="4.863" classname="testsuite.FilterTaskTest"/>
  <testcase name="filterByTeamMember" time="1.71" classname="testsuite.FilterTaskTest"/>
  <testcase name="filterByPriority_Minor" time="2.845" classname="testsuite.FilterTaskTest"/>
  <testcase name="filterByPriority_Major" time="2.8" classname="testsuite.FilterTaskTest"/>
  <testcase name="filterByPriority_Critical" time="2.883" classname="testsuite.FilterTaskTest"/>
  <testcase name="filterByPriority_Blocker" time="3.475" classname="testsuite.FilterTaskTest"/>
  <testcase name="filterByLabel" time="2.798" classname="testsuite.FilterTaskTest"/>
  <testcase name="filterByDeadline_Expired" time="2.852" classname="testsuite.FilterTaskTest"/>
  <testcase name="filterByDeadline_Today" time="7.407" classname="testsuite.FilterTaskTest"/>
  <testcase name="filterByDeadline_Tomorrow" time="3.758" classname="testsuite.FilterTaskTest"/>
  <testcase name="filterByDeadline_In7Days" time="2.652" classname="testsuite.FilterTaskTest"/>
  <testcase name="filterByDeadline_In15Days" time="2.855" classname="testsuite.FilterTaskTest"/>
  <testcase name="filterByDeadline_Custom_Equal_CurrentDay" time="7.585" classname="testsuite.FilterTaskTest"/>
  <testcase name="filterByDeadline_Custom_greater_CurrentDay" time="7.383" classname="testsuite.FilterTaskTest"/>
  <testcase name="filterByDeadline_Custom_Less_CurrentDay" time="7.366" classname="testsuite.FilterTaskTest"/>
  <testcase name="filterByStatus_Todo" time="3.32" classname="testsuite.FilterTaskTest"/>
  <testcase name="filterByStatus_InProgress" time="3.184" classname="testsuite.FilterTaskTest"/>
  <testcase name="filterByStatus_Review" time="3.206" classname="testsuite.FilterTaskTest"/>
  <testcase name="filterByStatus_Done" time="3.21" classname="testsuite.FilterTaskTest"/>
  <testcase name="addFilter_Success" time="3.151" classname="testsuite.FilterTaskTest"/>
  <testcase name="addFilter_Fail" time="1.432" classname="testsuite.FilterTaskTest"/>
  <testcase name="editFilter" time="4.385" classname="testsuite.FilterTaskTest"/>
  <testcase name="deleteFilter" time="3.489" classname="testsuite.FilterTaskTest"/>
</testsuite> <!-- Run Parallel test Chrome -->
