<?xml version="1.0" encoding="UTF-8"?>
<!-- Generated by org.testng.reporters.JUnitXMLReporter -->
<testsuite ignored="0" hostname="Phuongs-MacBook-Pro.local" failures="1" tests="1" name="Run Parallel test Chrome" time="29.499" errors="0" timestamp="2024-03-31T13:23:13 AEDT">
  <testcase classname="testsuite.AddTask" name="addTaskSuccess" time="13.726">
    <failure type="org.openqa.selenium.ElementClickInterceptedException" message="element click intercepted: Element &amp;lt;span class=&amp;quot;menu-text &amp;quot;&amp;gt;...&amp;lt;/span&amp;gt; is not clickable at point (77, 273). Other element would receive the click: &amp;lt;div class=&amp;quot;modal fade show&amp;quot; id=&amp;quot;ajaxModal&amp;quot; role=&amp;quot;dialog&amp;quot; aria-labelledby=&amp;quot;ajaxModal&amp;quot; data-bs-backdrop=&amp;quot;static&amp;quot; data-bs-keyboard=&amp;quot;true&amp;quot; data-bs-focus=&amp;quot;false&amp;quot; aria-modal=&amp;quot;true&amp;quot; style=&amp;quot;display: block;&amp;quot;&amp;gt;...&amp;lt;/div&amp;gt;
  (Session info: chrome=123.0.6312.87)
Build info: version: &amp;apos;4.10.0&amp;apos;, revision: &amp;apos;c14d967899&amp;apos;
System info: os.name: &amp;apos;Mac OS X&amp;apos;, os.arch: &amp;apos;x86_64&amp;apos;, os.version: &amp;apos;13.6.1&amp;apos;, java.version: &amp;apos;11.0.20&amp;apos;
Driver info: org.openqa.selenium.chrome.ChromeDriver
Command: [e5eb254c6a1821484ebedb94c3d9b2d4, clickElement {id=f.6BFA2964C997A2C2C2619ABFB58EB873.d.6DF4D64AF516328ADE27A076132B38F4.e.291}]
Capabilities {acceptInsecureCerts: false, browserName: chrome, browserVersion: 123.0.6312.87, chrome: {chromedriverVersion: 122.0.6261.94 (880dbf29479c..., userDataDir: /var/folders/lf/4x__pg656hl...}, fedcm:accounts: true, goog:chromeOptions: {debuggerAddress: localhost:58248}, networkConnectionEnabled: false, pageLoadStrategy: normal, platformName: mac, proxy: Proxy(), se:cdp: ws://localhost:58248/devtoo..., se:cdpVersion: 123.0.6312.87, setWindowRect: true, strictFileInteractability: false, timeouts: {implicit: 0, pageLoad: 300000, script: 30000}, unhandledPromptBehavior: dismiss and notify, webauthn:extension:credBlob: true, webauthn:extension:largeBlob: true, webauthn:extension:minPinLength: true, webauthn:extension:prf: true, webauthn:virtualAuthenticators: true}
Element: [[ChromeDriver: chrome on mac (e5eb254c6a1821484ebedb94c3d9b2d4)] -&amp;gt; xpath: //span[text()=&amp;apos;Tasks&amp;apos;]]
Session ID: e5eb254c6a1821484ebedb94c3d9b2d4">
      <![CDATA[org.openqa.selenium.ElementClickInterceptedException: element click intercepted: Element <span class="menu-text ">...</span> is not clickable at point (77, 273). Other element would receive the click: <div class="modal fade show" id="ajaxModal" role="dialog" aria-labelledby="ajaxModal" data-bs-backdrop="static" data-bs-keyboard="true" data-bs-focus="false" aria-modal="true" style="display: block;">...</div>
  (Session info: chrome=123.0.6312.87)
Build info: version: '4.10.0', revision: 'c14d967899'
System info: os.name: 'Mac OS X', os.arch: 'x86_64', os.version: '13.6.1', java.version: '11.0.20'
Driver info: org.openqa.selenium.chrome.ChromeDriver
Command: [e5eb254c6a1821484ebedb94c3d9b2d4, clickElement {id=f.6BFA2964C997A2C2C2619ABFB58EB873.d.6DF4D64AF516328ADE27A076132B38F4.e.291}]
Capabilities {acceptInsecureCerts: false, browserName: chrome, browserVersion: 123.0.6312.87, chrome: {chromedriverVersion: 122.0.6261.94 (880dbf29479c..., userDataDir: /var/folders/lf/4x__pg656hl...}, fedcm:accounts: true, goog:chromeOptions: {debuggerAddress: localhost:58248}, networkConnectionEnabled: false, pageLoadStrategy: normal, platformName: mac, proxy: Proxy(), se:cdp: ws://localhost:58248/devtoo..., se:cdpVersion: 123.0.6312.87, setWindowRect: true, strictFileInteractability: false, timeouts: {implicit: 0, pageLoad: 300000, script: 30000}, unhandledPromptBehavior: dismiss and notify, webauthn:extension:credBlob: true, webauthn:extension:largeBlob: true, webauthn:extension:minPinLength: true, webauthn:extension:prf: true, webauthn:virtualAuthenticators: true}
Element: [[ChromeDriver: chrome on mac (e5eb254c6a1821484ebedb94c3d9b2d4)] -> xpath: //span[text()='Tasks']]
Session ID: e5eb254c6a1821484ebedb94c3d9b2d4
at org.openqa.selenium.remote.codec.w3c.W3CHttpResponseCodec.createException(W3CHttpResponseCodec.java:199)
at org.openqa.selenium.remote.codec.w3c.W3CHttpResponseCodec.decode(W3CHttpResponseCodec.java:132)
at org.openqa.selenium.remote.codec.w3c.W3CHttpResponseCodec.decode(W3CHttpResponseCodec.java:51)
at org.openqa.selenium.remote.HttpCommandExecutor.execute(HttpCommandExecutor.java:191)
at org.openqa.selenium.remote.service.DriverCommandExecutor.invokeExecute(DriverCommandExecutor.java:196)
at org.openqa.selenium.remote.service.DriverCommandExecutor.execute(DriverCommandExecutor.java:171)
at org.openqa.selenium.remote.RemoteWebDriver.execute(RemoteWebDriver.java:531)
at org.openqa.selenium.remote.RemoteWebElement.execute(RemoteWebElement.java:242)
at org.openqa.selenium.remote.RemoteWebElement.click(RemoteWebElement.java:77)
at org.openqa.selenium.support.pagefactory.internal.LocatingElementHandler.invoke(LocatingElementHandler.java:51)
at com.sun.proxy.$Proxy19.click(Unknown Source)
at pages.TaskPage.addTask(TaskPage.java:84)
at testsuite.AddTask.addTaskSuccess(AddTask.java:56)
at java.base/java.util.ArrayList.forEach(ArrayList.java:1541)
... Removed 35 stack frames]]>
    </failure>
  </testcase> <!-- addTaskSuccess -->
</testsuite> <!-- Run Parallel test Chrome -->
