<?xml version="1.0" encoding="UTF-8"?>
<!-- Generated by org.testng.reporters.JUnitXMLReporter -->
<testsuite ignored="0" hostname="DESKTOP-KDQOQ35" failures="3" tests="36" name="Run Parallel test Edge" time="752.949" errors="0" timestamp="2024-04-10T22:36:43 ICT">
  <testcase classname="testsuite.FilterTaskTest2" name="filterByRelatedTo_Project" time="3.239"/>
  <testcase classname="testsuite.FilterTaskTest2" name="filterByRelatedTo_Client" time="8.382"/>
  <testcase classname="testsuite.FilterTaskTest2" name="filterByRelatedTo_Contract" time="8.352"/>
  <testcase classname="testsuite.FilterTaskTest2" name="filterByRelatedTo_Estimate" time="9.174"/>
  <testcase classname="testsuite.FilterTaskTest2" name="filterByRelatedTo_Expense" time="23.338">
    <failure type="org.openqa.selenium.TimeoutException" message="Expected condition failed: waiting for visibility of element located by By.xpath: s2id_expense_id (tried for 20 second(s) with 500 milliseconds interval)
Build info: version: &amp;apos;4.10.0&amp;apos;, revision: &amp;apos;c14d967899&amp;apos;
System info: os.name: &amp;apos;Windows 10&amp;apos;, os.arch: &amp;apos;amd64&amp;apos;, os.version: &amp;apos;10.0&amp;apos;, java.version: &amp;apos;11.0.21&amp;apos;
Driver info: org.openqa.selenium.edge.EdgeDriver
Capabilities {acceptInsecureCerts: false, browserName: MicrosoftEdge, browserVersion: 123.0.2420.81, fedcm:accounts: true, ms:edgeOptions: {debuggerAddress: localhost:53048}, msedge: {msedgedriverVersion: 123.0.2420.81 (8acdca46cf48..., userDataDir: C:\Users\Admin\AppData\Loca...}, networkConnectionEnabled: false, pageLoadStrategy: normal, platformName: windows, proxy: Proxy(), se:cdp: ws://localhost:53048/devtoo..., se:cdpVersion: 123.0.2420.81, setWindowRect: true, strictFileInteractability: false, timeouts: {implicit: 0, pageLoad: 300000, script: 30000}, unhandledPromptBehavior: dismiss and notify, webauthn:extension:credBlob: true, webauthn:extension:largeBlob: true, webauthn:extension:minPinLength: true, webauthn:extension:prf: true, webauthn:virtualAuthenticators: true}
Session ID: e7d7c9b208f3b46ecac303672cbec1fe">
      <![CDATA[org.openqa.selenium.TimeoutException: Expected condition failed: waiting for visibility of element located by By.xpath: s2id_expense_id (tried for 20 second(s) with 500 milliseconds interval)
Build info: version: '4.10.0', revision: 'c14d967899'
System info: os.name: 'Windows 10', os.arch: 'amd64', os.version: '10.0', java.version: '11.0.21'
Driver info: org.openqa.selenium.edge.EdgeDriver
Capabilities {acceptInsecureCerts: false, browserName: MicrosoftEdge, browserVersion: 123.0.2420.81, fedcm:accounts: true, ms:edgeOptions: {debuggerAddress: localhost:53048}, msedge: {msedgedriverVersion: 123.0.2420.81 (8acdca46cf48..., userDataDir: C:\Users\Admin\AppData\Loca...}, networkConnectionEnabled: false, pageLoadStrategy: normal, platformName: windows, proxy: Proxy(), se:cdp: ws://localhost:53048/devtoo..., se:cdpVersion: 123.0.2420.81, setWindowRect: true, strictFileInteractability: false, timeouts: {implicit: 0, pageLoad: 300000, script: 30000}, unhandledPromptBehavior: dismiss and notify, webauthn:extension:credBlob: true, webauthn:extension:largeBlob: true, webauthn:extension:minPinLength: true, webauthn:extension:prf: true, webauthn:virtualAuthenticators: true}
Session ID: e7d7c9b208f3b46ecac303672cbec1fe
at org.openqa.selenium.support.ui.WebDriverWait.timeoutException(WebDriverWait.java:84)
at org.openqa.selenium.support.ui.FluentWait.until(FluentWait.java:230)
at common.CommonBase.getElement(CommonBase.java:143)
at common.CommonBase.clickElement(CommonBase.java:155)
at pages.TaskPage2.clickElement(TaskPage2.java:74)
at pages.TaskPage2.addTaskDataForRelatedToFilter(TaskPage2.java:109)
at testsuite.FilterTaskTest2.filterByRelatedTo_Expense(FilterTaskTest2.java:107)
at java.base/java.util.ArrayList.forEach(ArrayList.java:1541)
at com.intellij.rt.testng.IDEARemoteTestNG.run(IDEARemoteTestNG.java:66)
at com.intellij.rt.testng.RemoteTestNGStarter.main(RemoteTestNGStarter.java:109)
... Removed 24 stack frames]]>
    </failure>
  </testcase> <!-- filterByRelatedTo_Expense -->
  <testcase classname="testsuite.FilterTaskTest2" name="filterByRelatedTo_Invoice" time="8.174"/>
  <testcase classname="testsuite.FilterTaskTest2" name="filterByRelatedTo_Lead" time="8.257"/>
  <testcase classname="testsuite.FilterTaskTest2" name="filterByRelatedTo_Order" time="8.814"/>
  <testcase classname="testsuite.FilterTaskTest2" name="filterByRelatedTo_Proposal" time="8.526"/>
  <testcase classname="testsuite.FilterTaskTest2" name="filterByRelatedTo_Subscription" time="8.264"/>
  <testcase classname="testsuite.FilterTaskTest2" name="filterByRelatedTo_Ticket" time="8.427"/>
  <testcase classname="testsuite.FilterTaskTest2" name="filterByProject" time="3.205"/>
  <testcase classname="testsuite.FilterTaskTest2" name="filterByMilestone_Release" time="20.905">
    <failure type="org.openqa.selenium.TimeoutException" message="Expected condition failed: waiting for visibility of element located by By.id: s2id_autogen12_search (tried for 20 second(s) with 500 milliseconds interval)
Build info: version: &amp;apos;4.10.0&amp;apos;, revision: &amp;apos;c14d967899&amp;apos;
System info: os.name: &amp;apos;Windows 10&amp;apos;, os.arch: &amp;apos;amd64&amp;apos;, os.version: &amp;apos;10.0&amp;apos;, java.version: &amp;apos;11.0.21&amp;apos;
Driver info: org.openqa.selenium.edge.EdgeDriver
Capabilities {acceptInsecureCerts: false, browserName: MicrosoftEdge, browserVersion: 123.0.2420.81, fedcm:accounts: true, ms:edgeOptions: {debuggerAddress: localhost:53715}, msedge: {msedgedriverVersion: 123.0.2420.81 (8acdca46cf48..., userDataDir: C:\Users\Admin\AppData\Loca...}, networkConnectionEnabled: false, pageLoadStrategy: normal, platformName: windows, proxy: Proxy(), se:cdp: ws://localhost:53715/devtoo..., se:cdpVersion: 123.0.2420.81, setWindowRect: true, strictFileInteractability: false, timeouts: {implicit: 0, pageLoad: 300000, script: 30000}, unhandledPromptBehavior: dismiss and notify, webauthn:extension:credBlob: true, webauthn:extension:largeBlob: true, webauthn:extension:minPinLength: true, webauthn:extension:prf: true, webauthn:virtualAuthenticators: true}
Session ID: 49d5684eebe66981d47a8defe5ccaa85">
      <![CDATA[org.openqa.selenium.TimeoutException: Expected condition failed: waiting for visibility of element located by By.id: s2id_autogen12_search (tried for 20 second(s) with 500 milliseconds interval)
Build info: version: '4.10.0', revision: 'c14d967899'
System info: os.name: 'Windows 10', os.arch: 'amd64', os.version: '10.0', java.version: '11.0.21'
Driver info: org.openqa.selenium.edge.EdgeDriver
Capabilities {acceptInsecureCerts: false, browserName: MicrosoftEdge, browserVersion: 123.0.2420.81, fedcm:accounts: true, ms:edgeOptions: {debuggerAddress: localhost:53715}, msedge: {msedgedriverVersion: 123.0.2420.81 (8acdca46cf48..., userDataDir: C:\Users\Admin\AppData\Loca...}, networkConnectionEnabled: false, pageLoadStrategy: normal, platformName: windows, proxy: Proxy(), se:cdp: ws://localhost:53715/devtoo..., se:cdpVersion: 123.0.2420.81, setWindowRect: true, strictFileInteractability: false, timeouts: {implicit: 0, pageLoad: 300000, script: 30000}, unhandledPromptBehavior: dismiss and notify, webauthn:extension:credBlob: true, webauthn:extension:largeBlob: true, webauthn:extension:minPinLength: true, webauthn:extension:prf: true, webauthn:virtualAuthenticators: true}
Session ID: 49d5684eebe66981d47a8defe5ccaa85
at org.openqa.selenium.support.ui.WebDriverWait.timeoutException(WebDriverWait.java:84)
at org.openqa.selenium.support.ui.FluentWait.until(FluentWait.java:230)
at common.CommonBase.getElement(CommonBase.java:143)
at common.CommonBase.sendKeysElement(CommonBase.java:169)
at pages.TaskPage2.sendKeysElement(TaskPage2.java:78)
at pages.TaskPage2.filterByMilestone(TaskPage2.java:192)
at testsuite.FilterTaskTest2.filterByMilestone_Release(FilterTaskTest2.java:219)
at java.base/java.util.ArrayList.forEach(ArrayList.java:1541)
at com.intellij.rt.testng.IDEARemoteTestNG.run(IDEARemoteTestNG.java:66)
at com.intellij.rt.testng.RemoteTestNGStarter.main(RemoteTestNGStarter.java:109)
... Removed 24 stack frames]]>
    </failure>
  </testcase> <!-- filterByMilestone_Release -->
  <testcase classname="testsuite.FilterTaskTest2" name="filterByMilestone_BetaRelease" time="20.296">
    <failure type="org.openqa.selenium.TimeoutException" message="Expected condition failed: waiting for visibility of element located by By.id: s2id_autogen12_search (tried for 20 second(s) with 500 milliseconds interval)
Build info: version: &amp;apos;4.10.0&amp;apos;, revision: &amp;apos;c14d967899&amp;apos;
System info: os.name: &amp;apos;Windows 10&amp;apos;, os.arch: &amp;apos;amd64&amp;apos;, os.version: &amp;apos;10.0&amp;apos;, java.version: &amp;apos;11.0.21&amp;apos;
Driver info: org.openqa.selenium.edge.EdgeDriver
Capabilities {acceptInsecureCerts: false, browserName: MicrosoftEdge, browserVersion: 123.0.2420.81, fedcm:accounts: true, ms:edgeOptions: {debuggerAddress: localhost:53798}, msedge: {msedgedriverVersion: 123.0.2420.81 (8acdca46cf48..., userDataDir: C:\Users\Admin\AppData\Loca...}, networkConnectionEnabled: false, pageLoadStrategy: normal, platformName: windows, proxy: Proxy(), se:cdp: ws://localhost:53798/devtoo..., se:cdpVersion: 123.0.2420.81, setWindowRect: true, strictFileInteractability: false, timeouts: {implicit: 0, pageLoad: 300000, script: 30000}, unhandledPromptBehavior: dismiss and notify, webauthn:extension:credBlob: true, webauthn:extension:largeBlob: true, webauthn:extension:minPinLength: true, webauthn:extension:prf: true, webauthn:virtualAuthenticators: true}
Session ID: 8db0bb683a19a6ff50ec32731c80d05c">
      <![CDATA[org.openqa.selenium.TimeoutException: Expected condition failed: waiting for visibility of element located by By.id: s2id_autogen12_search (tried for 20 second(s) with 500 milliseconds interval)
Build info: version: '4.10.0', revision: 'c14d967899'
System info: os.name: 'Windows 10', os.arch: 'amd64', os.version: '10.0', java.version: '11.0.21'
Driver info: org.openqa.selenium.edge.EdgeDriver
Capabilities {acceptInsecureCerts: false, browserName: MicrosoftEdge, browserVersion: 123.0.2420.81, fedcm:accounts: true, ms:edgeOptions: {debuggerAddress: localhost:53798}, msedge: {msedgedriverVersion: 123.0.2420.81 (8acdca46cf48..., userDataDir: C:\Users\Admin\AppData\Loca...}, networkConnectionEnabled: false, pageLoadStrategy: normal, platformName: windows, proxy: Proxy(), se:cdp: ws://localhost:53798/devtoo..., se:cdpVersion: 123.0.2420.81, setWindowRect: true, strictFileInteractability: false, timeouts: {implicit: 0, pageLoad: 300000, script: 30000}, unhandledPromptBehavior: dismiss and notify, webauthn:extension:credBlob: true, webauthn:extension:largeBlob: true, webauthn:extension:minPinLength: true, webauthn:extension:prf: true, webauthn:virtualAuthenticators: true}
Session ID: 8db0bb683a19a6ff50ec32731c80d05c
at org.openqa.selenium.support.ui.WebDriverWait.timeoutException(WebDriverWait.java:84)
at org.openqa.selenium.support.ui.FluentWait.until(FluentWait.java:230)
at common.CommonBase.getElement(CommonBase.java:143)
at common.CommonBase.sendKeysElement(CommonBase.java:169)
at pages.TaskPage2.sendKeysElement(TaskPage2.java:78)
at pages.TaskPage2.filterByMilestone(TaskPage2.java:192)
at testsuite.FilterTaskTest2.filterByMilestone_BetaRelease(FilterTaskTest2.java:229)
at java.base/java.util.ArrayList.forEach(ArrayList.java:1541)
at com.intellij.rt.testng.IDEARemoteTestNG.run(IDEARemoteTestNG.java:66)
at com.intellij.rt.testng.RemoteTestNGStarter.main(RemoteTestNGStarter.java:109)
... Removed 24 stack frames]]>
    </failure>
  </testcase> <!-- filterByMilestone_BetaRelease -->
  <testcase classname="testsuite.FilterTaskTest2" name="filterByTeamMember" time="1.615"/>
  <testcase classname="testsuite.FilterTaskTest2" name="filterByPriority_Minor" time="3.294"/>
  <testcase classname="testsuite.FilterTaskTest2" name="filterByPriority_Major" time="2.976"/>
  <testcase classname="testsuite.FilterTaskTest2" name="filterByPriority_Critical" time="2.91"/>
  <testcase classname="testsuite.FilterTaskTest2" name="filterByPriority_Blocker" time="3.37"/>
  <testcase classname="testsuite.FilterTaskTest2" name="filterByLabel" time="2.788"/>
  <testcase classname="testsuite.FilterTaskTest2" name="filterByDeadline_Expired" time="2.76"/>
  <testcase classname="testsuite.FilterTaskTest2" name="filterByDeadline_Today" time="7.871"/>
  <testcase classname="testsuite.FilterTaskTest2" name="filterByDeadline_Tomorrow" time="4.033"/>
  <testcase classname="testsuite.FilterTaskTest2" name="filterByDeadline_In7Days" time="2.929"/>
  <testcase classname="testsuite.FilterTaskTest2" name="filterByDeadline_In15Days" time="3.228"/>
  <testcase classname="testsuite.FilterTaskTest2" name="filterByDeadline_Custom_Equal_CurrentDay" time="8.256"/>
  <testcase classname="testsuite.FilterTaskTest2" name="filterByDeadline_Custom_greater_CurrentDay" time="8.554"/>
  <testcase classname="testsuite.FilterTaskTest2" name="filterByDeadline_Custom_Less_CurrentDay" time="7.956"/>
  <testcase classname="testsuite.FilterTaskTest2" name="filterByStatus_Todo" time="3.343"/>
  <testcase classname="testsuite.FilterTaskTest2" name="filterByStatus_InProgress" time="3.342"/>
  <testcase classname="testsuite.FilterTaskTest2" name="filterByStatus_Review" time="3.309"/>
  <testcase classname="testsuite.FilterTaskTest2" name="filterByStatus_Done" time="3.354"/>
  <testcase classname="testsuite.FilterTaskTest2" name="addFilter_Success" time="3.404"/>
  <testcase classname="testsuite.FilterTaskTest2" name="addFilter_Fail" time="1.632"/>
  <testcase classname="testsuite.FilterTaskTest2" name="editFilter" time="4.681"/>
  <testcase classname="testsuite.FilterTaskTest2" name="deleteFilter" time="3.331"/>
</testsuite> <!-- Run Parallel test Edge -->
