<?xml version="1.0" encoding="UTF-8"?>
<!-- Generated by org.testng.reporters.JUnitXMLReporter -->
<testsuite hostname="DESKTOP-KDQOQ35" ignored="0" name="Run Parallel test Firefox" tests="36" failures="0" timestamp="2024-03-31T10:08:04 ICT" time="529.459" errors="0">
  <testcase name="@BeforeMethod openDriver" time="35.637" classname="testsuite.FilterTaskTest">
    <failure type="org.openqa.selenium.TimeoutException" message="Navigation timed out after 30000 ms
Build info: version: &amp;apos;4.10.0&amp;apos;, revision: &amp;apos;c14d967899&amp;apos;
System info: os.name: &amp;apos;Windows 10&amp;apos;, os.arch: &amp;apos;amd64&amp;apos;, os.version: &amp;apos;10.0&amp;apos;, java.version: &amp;apos;1.8.0_392&amp;apos;
Driver info: org.openqa.selenium.firefox.FirefoxDriver
Command: [a7807856-30be-4b7b-b472-6a3e0d89b7ae, get {url=https://rise.fairsketch.com/signin}]
Capabilities {acceptInsecureCerts: true, browserName: firefox, browserVersion: 124.0.1, moz:accessibilityChecks: false, moz:buildID: 20240321230221, moz:debuggerAddress: 127.0.0.1:11739, moz:geckodriverVersion: 0.34.0, moz:headless: false, moz:platformVersion: 10.0, moz:processID: 20412, moz:profile: C:\Users\Admin\AppData\Loca..., moz:shutdownTimeout: 60000, moz:webdriverClick: true, moz:windowless: false, pageLoadStrategy: normal, platformName: windows, proxy: Proxy(), se:cdp: ws://127.0.0.1:11739/devtoo..., se:cdpVersion: 85.0, setWindowRect: true, strictFileInteractability: false, timeouts: {implicit: 0, pageLoad: 300000, script: 30000}, unhandledPromptBehavior: dismiss and notify}
Session ID: a7807856-30be-4b7b-b472-6a3e0d89b7ae">
      <![CDATA[org.openqa.selenium.TimeoutException: Navigation timed out after 30000 ms
Build info: version: '4.10.0', revision: 'c14d967899'
System info: os.name: 'Windows 10', os.arch: 'amd64', os.version: '10.0', java.version: '1.8.0_392'
Driver info: org.openqa.selenium.firefox.FirefoxDriver
Command: [a7807856-30be-4b7b-b472-6a3e0d89b7ae, get {url=https://rise.fairsketch.com/signin}]
Capabilities {acceptInsecureCerts: true, browserName: firefox, browserVersion: 124.0.1, moz:accessibilityChecks: false, moz:buildID: 20240321230221, moz:debuggerAddress: 127.0.0.1:11739, moz:geckodriverVersion: 0.34.0, moz:headless: false, moz:platformVersion: 10.0, moz:processID: 20412, moz:profile: C:\Users\Admin\AppData\Loca..., moz:shutdownTimeout: 60000, moz:webdriverClick: true, moz:windowless: false, pageLoadStrategy: normal, platformName: windows, proxy: Proxy(), se:cdp: ws://127.0.0.1:11739/devtoo..., se:cdpVersion: 85.0, setWindowRect: true, strictFileInteractability: false, timeouts: {implicit: 0, pageLoad: 300000, script: 30000}, unhandledPromptBehavior: dismiss and notify}
Session ID: a7807856-30be-4b7b-b472-6a3e0d89b7ae
at org.openqa.selenium.remote.codec.w3c.W3CHttpResponseCodec.createException(W3CHttpResponseCodec.java:199)
at org.openqa.selenium.remote.codec.w3c.W3CHttpResponseCodec.decode(W3CHttpResponseCodec.java:132)
at org.openqa.selenium.remote.codec.w3c.W3CHttpResponseCodec.decode(W3CHttpResponseCodec.java:51)
at org.openqa.selenium.remote.HttpCommandExecutor.execute(HttpCommandExecutor.java:191)
at org.openqa.selenium.remote.service.DriverCommandExecutor.invokeExecute(DriverCommandExecutor.java:196)
at org.openqa.selenium.remote.service.DriverCommandExecutor.execute(DriverCommandExecutor.java:171)
at org.openqa.selenium.remote.RemoteWebDriver.execute(RemoteWebDriver.java:531)
at org.openqa.selenium.remote.RemoteWebDriver.get(RemoteWebDriver.java:295)
at testsuite.FilterTaskTest.openDriver(FilterTaskTest.java:26)
at java.util.ArrayList.forEach(ArrayList.java:1259)
at com.intellij.rt.testng.IDEARemoteTestNG.run(IDEARemoteTestNG.java:66)
at com.intellij.rt.testng.RemoteTestNGStarter.main(RemoteTestNGStarter.java:109)
... Removed 31 stack frames]]>
    </failure>
  </testcase> <!-- @BeforeMethod openDriver -->
  <testcase name="@AfterMethod closeDriver" time="-1.711854484284E9" classname="testsuite.FilterTaskTest">
    <skipped/>
  </testcase> <!-- @AfterMethod closeDriver -->
  <testcase name="@BeforeMethod openDriver" time="-1.711854484284E9" classname="testsuite.FilterTaskTest">
    <skipped/>
  </testcase> <!-- @BeforeMethod openDriver -->
  <testcase name="@AfterMethod closeDriver" time="-1.711854484284E9" classname="testsuite.FilterTaskTest">
    <skipped/>
  </testcase> <!-- @AfterMethod closeDriver -->
  <testcase name="@BeforeMethod openDriver" time="-1.711854484284E9" classname="testsuite.FilterTaskTest">
    <skipped/>
  </testcase> <!-- @BeforeMethod openDriver -->
  <testcase name="@AfterMethod closeDriver" time="-1.711854484284E9" classname="testsuite.FilterTaskTest">
    <skipped/>
  </testcase> <!-- @AfterMethod closeDriver -->
  <testcase name="@BeforeMethod openDriver" time="-1.711854484284E9" classname="testsuite.FilterTaskTest">
    <skipped/>
  </testcase> <!-- @BeforeMethod openDriver -->
  <testcase name="@AfterMethod closeDriver" time="-1.711854484284E9" classname="testsuite.FilterTaskTest">
    <skipped/>
  </testcase> <!-- @AfterMethod closeDriver -->
  <testcase name="@BeforeMethod openDriver" time="-1.711854484284E9" classname="testsuite.FilterTaskTest">
    <skipped/>
  </testcase> <!-- @BeforeMethod openDriver -->
  <testcase name="@AfterMethod closeDriver" time="-1.711854484284E9" classname="testsuite.FilterTaskTest">
    <skipped/>
  </testcase> <!-- @AfterMethod closeDriver -->
  <testcase name="@BeforeMethod openDriver" time="-1.711854484284E9" classname="testsuite.FilterTaskTest">
    <skipped/>
  </testcase> <!-- @BeforeMethod openDriver -->
  <testcase name="@AfterMethod closeDriver" time="-1.711854484284E9" classname="testsuite.FilterTaskTest">
    <skipped/>
  </testcase> <!-- @AfterMethod closeDriver -->
  <testcase name="@BeforeMethod openDriver" time="-1.711854484284E9" classname="testsuite.FilterTaskTest">
    <skipped/>
  </testcase> <!-- @BeforeMethod openDriver -->
  <testcase name="@AfterMethod closeDriver" time="-1.711854484284E9" classname="testsuite.FilterTaskTest">
    <skipped/>
  </testcase> <!-- @AfterMethod closeDriver -->
  <testcase name="@BeforeMethod openDriver" time="-1.711854484284E9" classname="testsuite.FilterTaskTest">
    <skipped/>
  </testcase> <!-- @BeforeMethod openDriver -->
  <testcase name="@AfterMethod closeDriver" time="-1.711854484284E9" classname="testsuite.FilterTaskTest">
    <skipped/>
  </testcase> <!-- @AfterMethod closeDriver -->
  <testcase name="@BeforeMethod openDriver" time="-1.711854484284E9" classname="testsuite.FilterTaskTest">
    <skipped/>
  </testcase> <!-- @BeforeMethod openDriver -->
  <testcase name="@AfterMethod closeDriver" time="-1.711854484284E9" classname="testsuite.FilterTaskTest">
    <skipped/>
  </testcase> <!-- @AfterMethod closeDriver -->
  <testcase name="@BeforeMethod openDriver" time="-1.711854484284E9" classname="testsuite.FilterTaskTest">
    <skipped/>
  </testcase> <!-- @BeforeMethod openDriver -->
  <testcase name="@AfterMethod closeDriver" time="-1.711854484284E9" classname="testsuite.FilterTaskTest">
    <skipped/>
  </testcase> <!-- @AfterMethod closeDriver -->
  <testcase name="@BeforeMethod openDriver" time="-1.711854484284E9" classname="testsuite.FilterTaskTest">
    <skipped/>
  </testcase> <!-- @BeforeMethod openDriver -->
  <testcase name="@AfterMethod closeDriver" time="-1.711854484284E9" classname="testsuite.FilterTaskTest">
    <skipped/>
  </testcase> <!-- @AfterMethod closeDriver -->
  <testcase name="@BeforeMethod openDriver" time="-1.711854484284E9" classname="testsuite.FilterTaskTest">
    <skipped/>
  </testcase> <!-- @BeforeMethod openDriver -->
  <testcase name="@AfterMethod closeDriver" time="-1.711854484284E9" classname="testsuite.FilterTaskTest">
    <skipped/>
  </testcase> <!-- @AfterMethod closeDriver -->
  <testcase name="@BeforeMethod openDriver" time="-1.711854484284E9" classname="testsuite.FilterTaskTest">
    <skipped/>
  </testcase> <!-- @BeforeMethod openDriver -->
  <testcase name="@AfterMethod closeDriver" time="-1.711854484284E9" classname="testsuite.FilterTaskTest">
    <skipped/>
  </testcase> <!-- @AfterMethod closeDriver -->
  <testcase name="@BeforeMethod openDriver" time="-1.711854484284E9" classname="testsuite.FilterTaskTest">
    <skipped/>
  </testcase> <!-- @BeforeMethod openDriver -->
  <testcase name="@AfterMethod closeDriver" time="-1.711854484284E9" classname="testsuite.FilterTaskTest">
    <skipped/>
  </testcase> <!-- @AfterMethod closeDriver -->
  <testcase name="@BeforeMethod openDriver" time="-1.711854484284E9" classname="testsuite.FilterTaskTest">
    <skipped/>
  </testcase> <!-- @BeforeMethod openDriver -->
  <testcase name="@AfterMethod closeDriver" time="-1.711854484284E9" classname="testsuite.FilterTaskTest">
    <skipped/>
  </testcase> <!-- @AfterMethod closeDriver -->
  <testcase name="@BeforeMethod openDriver" time="-1.711854484284E9" classname="testsuite.FilterTaskTest">
    <skipped/>
  </testcase> <!-- @BeforeMethod openDriver -->
  <testcase name="@AfterMethod closeDriver" time="-1.711854484284E9" classname="testsuite.FilterTaskTest">
    <skipped/>
  </testcase> <!-- @AfterMethod closeDriver -->
  <testcase name="@BeforeMethod openDriver" time="-1.711854484293E9" classname="testsuite.FilterTaskTest">
    <skipped/>
  </testcase> <!-- @BeforeMethod openDriver -->
  <testcase name="@AfterMethod closeDriver" time="-1.711854484293E9" classname="testsuite.FilterTaskTest">
    <skipped/>
  </testcase> <!-- @AfterMethod closeDriver -->
  <testcase name="@BeforeMethod openDriver" time="-1.711854484293E9" classname="testsuite.FilterTaskTest">
    <skipped/>
  </testcase> <!-- @BeforeMethod openDriver -->
  <testcase name="@AfterMethod closeDriver" time="-1.711854484293E9" classname="testsuite.FilterTaskTest">
    <skipped/>
  </testcase> <!-- @AfterMethod closeDriver -->
  <testcase name="@BeforeMethod openDriver" time="-1.711854484293E9" classname="testsuite.FilterTaskTest">
    <skipped/>
  </testcase> <!-- @BeforeMethod openDriver -->
  <testcase name="@AfterMethod closeDriver" time="-1.711854484293E9" classname="testsuite.FilterTaskTest">
    <skipped/>
  </testcase> <!-- @AfterMethod closeDriver -->
  <testcase name="filterByRelatedTo_Project" time="4.207" classname="testsuite.FilterTaskTest"/>
  <testcase name="filterByRelatedTo_Client" time="10.234" classname="testsuite.FilterTaskTest"/>
  <testcase name="filterByRelatedTo_Contract" time="10.538" classname="testsuite.FilterTaskTest"/>
  <testcase name="filterByRelatedTo_Estimate" time="10.286" classname="testsuite.FilterTaskTest"/>
  <testcase name="filterByRelatedTo_Expense" time="10.432" classname="testsuite.FilterTaskTest"/>
  <testcase name="filterByRelatedTo_Invoice" time="10.416" classname="testsuite.FilterTaskTest"/>
  <testcase name="filterByRelatedTo_Lead" time="10.353" classname="testsuite.FilterTaskTest"/>
  <testcase name="filterByRelatedTo_Order" time="10.457" classname="testsuite.FilterTaskTest"/>
  <testcase name="filterByRelatedTo_Proposal" time="10.281" classname="testsuite.FilterTaskTest"/>
  <testcase name="filterByRelatedTo_Subscription" time="10.404" classname="testsuite.FilterTaskTest"/>
  <testcase name="filterByRelatedTo_Ticket" time="10.39" classname="testsuite.FilterTaskTest"/>
  <testcase name="filterByProject" time="4.385" classname="testsuite.FilterTaskTest"/>
  <testcase name="filterByMilestone_Release" time="7.888" classname="testsuite.FilterTaskTest"/>
  <testcase name="filterByMilestone_BetaRelease" time="7.804" classname="testsuite.FilterTaskTest"/>
  <testcase name="filterByTeamMember" time="2.204" classname="testsuite.FilterTaskTest"/>
  <testcase name="filterByPriority_Minor" time="4.12" classname="testsuite.FilterTaskTest"/>
  <testcase name="filterByPriority_Major" time="4.187" classname="testsuite.FilterTaskTest"/>
  <testcase name="filterByPriority_Critical" time="0.0" classname="testsuite.FilterTaskTest">
    <skipped/>
  </testcase> <!-- filterByPriority_Critical -->
  <testcase name="filterByPriority_Blocker" time="0.0" classname="testsuite.FilterTaskTest">
    <skipped/>
  </testcase> <!-- filterByPriority_Blocker -->
  <testcase name="filterByLabel" time="0.0" classname="testsuite.FilterTaskTest">
    <skipped/>
  </testcase> <!-- filterByLabel -->
  <testcase name="filterByDeadline_Expired" time="0.0" classname="testsuite.FilterTaskTest">
    <skipped/>
  </testcase> <!-- filterByDeadline_Expired -->
  <testcase name="filterByDeadline_Today" time="0.0" classname="testsuite.FilterTaskTest">
    <skipped/>
  </testcase> <!-- filterByDeadline_Today -->
  <testcase name="filterByDeadline_Tomorrow" time="0.0" classname="testsuite.FilterTaskTest">
    <skipped/>
  </testcase> <!-- filterByDeadline_Tomorrow -->
  <testcase name="filterByDeadline_In7Days" time="0.0" classname="testsuite.FilterTaskTest">
    <skipped/>
  </testcase> <!-- filterByDeadline_In7Days -->
  <testcase name="filterByDeadline_In15Days" time="0.0" classname="testsuite.FilterTaskTest">
    <skipped/>
  </testcase> <!-- filterByDeadline_In15Days -->
  <testcase name="filterByDeadline_Custom_Equal_CurrentDay" time="0.0" classname="testsuite.FilterTaskTest">
    <skipped/>
  </testcase> <!-- filterByDeadline_Custom_Equal_CurrentDay -->
  <testcase name="filterByDeadline_Custom_greater_CurrentDay" time="0.0" classname="testsuite.FilterTaskTest">
    <skipped/>
  </testcase> <!-- filterByDeadline_Custom_greater_CurrentDay -->
  <testcase name="filterByDeadline_Custom_Less_CurrentDay" time="0.0" classname="testsuite.FilterTaskTest">
    <skipped/>
  </testcase> <!-- filterByDeadline_Custom_Less_CurrentDay -->
  <testcase name="filterByStatus_Todo" time="0.0" classname="testsuite.FilterTaskTest">
    <skipped/>
  </testcase> <!-- filterByStatus_Todo -->
  <testcase name="filterByStatus_InProgress" time="0.0" classname="testsuite.FilterTaskTest">
    <skipped/>
  </testcase> <!-- filterByStatus_InProgress -->
  <testcase name="filterByStatus_Review" time="0.0" classname="testsuite.FilterTaskTest">
    <skipped/>
  </testcase> <!-- filterByStatus_Review -->
  <testcase name="filterByStatus_Done" time="0.0" classname="testsuite.FilterTaskTest">
    <skipped/>
  </testcase> <!-- filterByStatus_Done -->
  <testcase name="addFilter_Success" time="0.0" classname="testsuite.FilterTaskTest">
    <skipped/>
  </testcase> <!-- addFilter_Success -->
  <testcase name="addFilter_Fail" time="0.0" classname="testsuite.FilterTaskTest">
    <skipped/>
  </testcase> <!-- addFilter_Fail -->
  <testcase name="editFilter" time="0.0" classname="testsuite.FilterTaskTest">
    <skipped/>
  </testcase> <!-- editFilter -->
  <testcase name="deleteFilter" time="0.0" classname="testsuite.FilterTaskTest">
    <skipped/>
  </testcase> <!-- deleteFilter -->
</testsuite> <!-- Run Parallel test Firefox -->
