<?xml version="1.0" encoding="UTF-8"?>
<!-- Generated by org.testng.reporters.JUnitXMLReporter -->
<testsuite hostname="DESKTOP-KDQOQ35" ignored="0" name="Run Parallel test Edge" tests="36" failures="0" timestamp="2024-03-31T09:59:14 ICT" time="689.317" errors="0">
  <testcase name="filterByRelatedTo_Project" time="2.75" classname="testsuite.FilterTaskTest"/>
  <testcase name="filterByRelatedTo_Client" time="7.56" classname="testsuite.FilterTaskTest"/>
  <testcase name="filterByRelatedTo_Contract" time="7.716" classname="testsuite.FilterTaskTest"/>
  <testcase name="filterByRelatedTo_Estimate" time="7.732" classname="testsuite.FilterTaskTest"/>
  <testcase name="filterByRelatedTo_Expense" time="7.571" classname="testsuite.FilterTaskTest"/>
  <testcase name="filterByRelatedTo_Invoice" time="7.831" classname="testsuite.FilterTaskTest"/>
  <testcase name="filterByRelatedTo_Lead" time="7.534" classname="testsuite.FilterTaskTest"/>
  <testcase name="filterByRelatedTo_Order" time="7.589" classname="testsuite.FilterTaskTest"/>
  <testcase name="filterByRelatedTo_Proposal" time="7.503" classname="testsuite.FilterTaskTest"/>
  <testcase name="filterByRelatedTo_Subscription" time="7.53" classname="testsuite.FilterTaskTest"/>
  <testcase name="filterByRelatedTo_Ticket" time="7.464" classname="testsuite.FilterTaskTest"/>
  <testcase name="filterByProject" time="2.768" classname="testsuite.FilterTaskTest"/>
  <testcase name="filterByMilestone_Release" time="4.936" classname="testsuite.FilterTaskTest"/>
  <testcase name="filterByMilestone_BetaRelease" time="4.996" classname="testsuite.FilterTaskTest"/>
  <testcase name="filterByTeamMember" time="1.521" classname="testsuite.FilterTaskTest"/>
  <testcase name="filterByPriority_Minor" time="2.724" classname="testsuite.FilterTaskTest"/>
  <testcase name="filterByPriority_Major" time="2.831" classname="testsuite.FilterTaskTest"/>
  <testcase name="filterByPriority_Critical" time="2.938" classname="testsuite.FilterTaskTest"/>
  <testcase name="filterByPriority_Blocker" time="2.863" classname="testsuite.FilterTaskTest"/>
  <testcase name="filterByLabel" time="2.684" classname="testsuite.FilterTaskTest"/>
  <testcase name="filterByDeadline_Expired" time="2.868" classname="testsuite.FilterTaskTest"/>
  <testcase name="filterByDeadline_Today" time="7.413" classname="testsuite.FilterTaskTest"/>
  <testcase name="filterByDeadline_Tomorrow" time="3.592" classname="testsuite.FilterTaskTest"/>
  <testcase name="filterByDeadline_In7Days" time="2.7" classname="testsuite.FilterTaskTest"/>
  <testcase name="filterByDeadline_In15Days" time="2.742" classname="testsuite.FilterTaskTest"/>
  <testcase name="filterByDeadline_Custom_Equal_CurrentDay" time="7.6" classname="testsuite.FilterTaskTest"/>
  <testcase name="filterByDeadline_Custom_greater_CurrentDay" time="7.789" classname="testsuite.FilterTaskTest"/>
  <testcase name="filterByDeadline_Custom_Less_CurrentDay" time="7.412" classname="testsuite.FilterTaskTest"/>
  <testcase name="filterByStatus_Todo" time="3.036" classname="testsuite.FilterTaskTest"/>
  <testcase name="filterByStatus_InProgress" time="3.089" classname="testsuite.FilterTaskTest"/>
  <testcase name="filterByStatus_Review" time="2.703" classname="testsuite.FilterTaskTest"/>
  <testcase name="filterByStatus_Done" time="2.933" classname="testsuite.FilterTaskTest"/>
  <testcase name="addFilter_Success" time="3.232" classname="testsuite.FilterTaskTest"/>
  <testcase name="addFilter_Fail" time="1.49" classname="testsuite.FilterTaskTest"/>
  <testcase name="editFilter" time="4.501" classname="testsuite.FilterTaskTest"/>
  <testcase name="deleteFilter" time="3.364" classname="testsuite.FilterTaskTest"/>
</testsuite> <!-- Run Parallel test Edge -->
